Log file open, 01/04/24 11:24:56
LogWindows: Failed to load 'aqProf.dll' (GetLastError=126)
LogWindows: File 'aqProf.dll' does not exist
LogWindows: Failed to load 'VtuneApi.dll' (GetLastError=126)
LogWindows: File 'VtuneApi.dll' does not exist
LogWindows: Failed to load 'VtuneApi32e.dll' (GetLastError=126)
LogWindows: File 'VtuneApi32e.dll' does not exist
LogConsoleResponse: Display: Failed to find resolution value strings in scalability ini. Falling back to default.
LogConsoleResponse: Display: Failed to find resolution value strings in scalability ini. Falling back to default.
LogInit: Display: Running engine for game: Workshop2_2023
LogPlatformFile: Not using cached read wrapper
LogTaskGraph: Started task graph with 5 named threads and 23 total threads with 3 sets of task threads.
LogStats: Stats thread started at 0.246269
LogICUInternationalization: ICU TimeZone Detection - Raw Offset: +8:00, Platform Override: ''
LogInit: Display: Loading text-based GConfig....
LogPluginManager: Mounting plugin MeshPainting
LogPluginManager: Mounting plugin XGEController
LogPluginManager: Mounting plugin Paper2D
LogPluginManager: Mounting plugin AISupport
LogPluginManager: Mounting plugin EnvironmentQueryEditor
LogPluginManager: Mounting plugin LiveLink
LogPluginManager: Mounting plugin LightPropagationVolume
LogPluginManager: Mounting plugin CameraShakePreviewer
LogPluginManager: Mounting plugin GameplayCameras
LogPluginManager: Mounting plugin CLionSourceCodeAccess
LogPluginManager: Mounting plugin CodeLiteSourceCodeAccess
LogPluginManager: Mounting plugin AnimationSharing
LogPluginManager: Mounting plugin GitSourceControl
LogPluginManager: Mounting plugin KDevelopSourceCodeAccess
LogPluginManager: Mounting plugin NullSourceCodeAccess
LogPluginManager: Mounting plugin PerforceSourceControl
LogPluginManager: Mounting plugin PixWinPlugin
LogPluginManager: Mounting plugin PlasticSourceControl
LogPluginManager: Mounting plugin PluginUtils
LogPluginManager: Mounting plugin PropertyAccessNode
LogPluginManager: Mounting plugin RiderSourceCodeAccess
LogPluginManager: Mounting plugin SubversionSourceControl
LogPluginManager: Mounting plugin TextureFormatOodle
LogPluginManager: Mounting plugin UObjectPlugin
LogPluginManager: Mounting plugin VisualStudioCodeSourceCodeAccess
LogPluginManager: Mounting plugin VisualStudioSourceCodeAccess
LogPluginManager: Mounting plugin XCodeSourceCodeAccess
LogPluginManager: Mounting plugin DatasmithContent
LogPluginManager: Mounting plugin VariantManagerContent
LogPluginManager: Mounting plugin OodleData
LogPluginManager: Mounting plugin OodleNetwork
LogPluginManager: Mounting plugin AssetManagerEditor
LogPluginManager: Mounting plugin CryptoKeys
LogPluginManager: Mounting plugin CurveEditorTools
LogPluginManager: Mounting plugin DataValidation
LogPluginManager: Mounting plugin FacialAnimation
LogPluginManager: Mounting plugin GameplayTagsEditor
LogPluginManager: Mounting plugin MaterialAnalyzer
LogPluginManager: Mounting plugin GeometryMode
LogPluginManager: Mounting plugin MacGraphicsSwitching
LogPluginManager: Mounting plugin PluginBrowser
LogPluginManager: Mounting plugin MobileLauncherProfileWizard
LogPluginManager: Mounting plugin SpeedTreeImporter
LogPluginManager: Mounting plugin AlembicImporter
LogPluginManager: Mounting plugin AutomationUtils
LogPluginManager: Mounting plugin BackChannel
LogPluginManager: Mounting plugin ChaosCloth
LogPluginManager: Mounting plugin ChaosClothEditor
LogPluginManager: Mounting plugin ChaosEditor
LogPluginManager: Mounting plugin ChaosNiagara
LogPluginManager: Mounting plugin ChaosSolverPlugin
LogPluginManager: Mounting plugin CharacterAI
LogPluginManager: Mounting plugin CommonUI
LogPluginManager: Mounting plugin Niagara
LogPluginManager: Mounting plugin GeometryCache
LogPluginManager: Mounting plugin GeometryCollectionPlugin
LogPluginManager: Mounting plugin GeometryProcessing
LogPluginManager: Mounting plugin OpenImageDenoise
LogPluginManager: Mounting plugin MotoSynth
LogPluginManager: Mounting plugin PlanarCut
LogPluginManager: Mounting plugin PlatformCrypto
LogPluginManager: Mounting plugin ProxyLODPlugin
LogPluginManager: Mounting plugin PythonScriptPlugin
LogPluginManager: Mounting plugin LuminPlatformFeatures
LogPluginManager: Mounting plugin MagicLeap
LogPluginManager: Mounting plugin MagicLeapLightEstimation
LogPluginManager: Mounting plugin SkeletalReduction
LogPluginManager: Mounting plugin MagicLeapMedia
LogPluginManager: Mounting plugin MagicLeapPassableWorld
LogPluginManager: Mounting plugin MLSDK
LogPluginManager: Mounting plugin TcpMessaging
LogPluginManager: Mounting plugin UdpMessaging
LogPluginManager: Mounting plugin AndroidMedia
LogPluginManager: Mounting plugin AvfMedia
LogPluginManager: Mounting plugin ActorSequence
LogPluginManager: Mounting plugin LevelSequenceEditor
LogPluginManager: Mounting plugin MatineeToLevelSequence
LogPluginManager: Mounting plugin TemplateSequence
LogPluginManager: Mounting plugin ImgMedia
LogPluginManager: Mounting plugin MediaCompositing
LogPluginManager: Mounting plugin MediaPlayerEditor
LogPluginManager: Mounting plugin WebMMedia
LogPluginManager: Mounting plugin WmfMedia
LogPluginManager: Mounting plugin OnlineSubsystem
LogPluginManager: Mounting plugin OnlineSubsystemNull
LogPluginManager: Mounting plugin OnlineSubsystemUtils
LogPluginManager: Mounting plugin LauncherChunkInstaller
LogPluginManager: Mounting plugin ActorLayerUtilities
LogPluginManager: Mounting plugin AndroidDeviceProfileSelector
LogPluginManager: Mounting plugin AndroidMoviePlayer
LogPluginManager: Mounting plugin AndroidPermission
LogPluginManager: Mounting plugin AppleImageUtils
LogPluginManager: Mounting plugin AppleMoviePlayer
LogPluginManager: Mounting plugin ArchVisCharacter
LogPluginManager: Mounting plugin AssetTags
LogPluginManager: Mounting plugin AudioCapture
LogPluginManager: Mounting plugin AudioSynesthesia
LogPluginManager: Mounting plugin ChunkDownloader
LogPluginManager: Mounting plugin CableComponent
LogPluginManager: Mounting plugin CustomMeshComponent
LogPluginManager: Mounting plugin ExampleDeviceProfileSelector
LogPluginManager: Mounting plugin EditableMesh
LogPluginManager: Mounting plugin ScreenshotTools
LogPluginManager: Mounting plugin GoogleCloudMessaging
LogPluginManager: Mounting plugin GooglePAD
LogPluginManager: Mounting plugin LinuxDeviceProfileSelector
LogPluginManager: Mounting plugin IOSDeviceProfileSelector
LogPluginManager: Mounting plugin LocationServicesBPLibrary
LogPluginManager: Mounting plugin MobilePatchingUtils
LogPluginManager: Mounting plugin OpenXREyeTracker
LogPluginManager: Mounting plugin OpenXR
LogPluginManager: Mounting plugin OpenXRHandTracking
LogPluginManager: Mounting plugin PhysXVehicles
LogPluginManager: Mounting plugin PostSplashScreen
LogPluginManager: Mounting plugin ProceduralMeshComponent
LogPluginManager: Mounting plugin PropertyAccessEditor
LogPluginManager: Mounting plugin RuntimePhysXCooking
LogPluginManager: Mounting plugin SignificanceManager
LogPluginManager: Mounting plugin SoundFields
LogPluginManager: Mounting plugin Synthesis
LogPluginManager: Mounting plugin Takes
LogPluginManager: Mounting plugin WebMMoviePlayer
LogPluginManager: Mounting plugin WindowsMoviePlayer
LogPluginManager: Mounting plugin ContentBrowserAssetDataSource
LogPluginManager: Mounting plugin ContentBrowserClassDataSource
LogPluginManager: Mounting plugin ContentBrowserFileDataSource
LogPluginManager: Mounting plugin OnlineSubsystemGooglePlay
LogPluginManager: Mounting plugin OnlineSubsystemIOS
LogPluginManager: Mounting plugin OculusVR
LogPluginManager: Mounting plugin SteamVR
PixWinPlugin: PIX capture plugin failed to initialize! Check that the process is launched from PIX.
LogInit: Using libcurl 7.55.1-DEV
LogInit:  - built for x86_64-pc-win32
LogInit:  - supports SSL with OpenSSL/1.1.1
LogInit:  - supports HTTP deflate (compression) using libz 1.2.8
LogInit:  - other features:
LogInit:      CURL_VERSION_SSL
LogInit:      CURL_VERSION_LIBZ
LogInit:      CURL_VERSION_IPV6
LogInit:      CURL_VERSION_ASYNCHDNS
LogInit:      CURL_VERSION_LARGEFILE
LogInit:      CURL_VERSION_IDN
LogInit:  CurlRequestOptions (configurable via config and command line):
LogInit:  - bVerifyPeer = true  - Libcurl will verify peer certificate
LogInit:  - bUseHttpProxy = false  - Libcurl will NOT use HTTP proxy
LogInit:  - bDontReuseConnections = false  - Libcurl will reuse connections
LogInit:  - MaxHostConnections = 16  - Libcurl will limit the number of connections to a host
LogInit:  - LocalHostAddr = Default
LogInit:  - BufferSize = 65536
LogOnline: OSS: Creating online subsystem instance for: NULL
LogInit: WinSock: version 1.1 (2.2), MaxSocks=32767, MaxUdp=65467
LogOnline: OSS: TryLoadSubsystemAndSetDefault: Loaded subsystem for module [NULL]
LogOculusPluginWrapper: OculusPlugin initialized successfully
LogHMD: Failed initializing OVRPlugin 1.59.0
LogInit: Build: ++UE4+Release-4.27-CL-18319896
LogInit: Engine Version: 4.27.2-18319896+++UE4+Release-4.27
LogInit: Compatible Engine Version: 4.27.0-17155196+++UE4+Release-4.27
LogInit: Net CL: 17155196
LogInit: OS: Windows 10 (Release 2009) (), CPU: Intel(R) Core(TM) i5-9300H CPU @ 2.40GHz, GPU: Intel(R) UHD Graphics 630
LogInit: Compiled (64-bit): Nov 30 2021 07:12:08
LogInit: Compiled with Visual C++: 19.24.28315.00
LogInit: Build Configuration: Development
LogInit: Branch Name: ++UE4+Release-4.27
LogInit: Command Line:  -AUTH_LOGIN=unused -AUTH_PASSWORD=cc50f9c094ce45ca960f7a95e615097c -AUTH_TYPE=exchangecode -epicapp=UE_4.27 -epicenv=Prod -EpicPortal -epicusername=Ar17hieus -epicuserid=ee6ee345b2f54a8d94cdbdfa9ebdf8b7 -epiclocale=en -epicsandboxid=ue
LogInit: Base Directory: C:/Program Files/Epic Games/UE_4.27/Engine/Binaries/Win64/
LogInit: Allocator: TBB
LogInit: Installed Engine Build: 1
LogDevObjectVersion: Number of dev versions registered: 29
LogDevObjectVersion:   Dev-Blueprints (B0D832E4-1F89-4F0D-ACCF-7EB736FD4AA2): 10
LogDevObjectVersion:   Dev-Build (E1C64328-A22C-4D53-A36C-8E866417BD8C): 0
LogDevObjectVersion:   Dev-Core (375EC13C-06E4-48FB-B500-84F0262A717E): 4
LogDevObjectVersion:   Dev-Editor (E4B068ED-F494-42E9-A231-DA0B2E46BB41): 40
LogDevObjectVersion:   Dev-Framework (CFFC743F-43B0-4480-9391-14DF171D2073): 37
LogDevObjectVersion:   Dev-Mobile (B02B49B5-BB20-44E9-A304-32B752E40360): 3
LogDevObjectVersion:   Dev-Networking (A4E4105C-59A1-49B5-A7C5-40C4547EDFEE): 0
LogDevObjectVersion:   Dev-Online (39C831C9-5AE6-47DC-9A44-9C173E1C8E7C): 0
LogDevObjectVersion:   Dev-Physics (78F01B33-EBEA-4F98-B9B4-84EACCB95AA2): 14
LogDevObjectVersion:   Dev-Platform (6631380F-2D4D-43E0-8009-CF276956A95A): 0
LogDevObjectVersion:   Dev-Rendering (12F88B9F-8875-4AFC-A67C-D90C383ABD29): 45
LogDevObjectVersion:   Dev-Sequencer (7B5AE74C-D270-4C10-A958-57980B212A5A): 13
LogDevObjectVersion:   Dev-VR (D7296918-1DD6-4BDD-9DE2-64A83CC13884): 3
LogDevObjectVersion:   Dev-LoadTimes (C2A15278-BFE7-4AFE-6C17-90FF531DF755): 1
LogDevObjectVersion:   Private-Geometry (6EACA3D4-40EC-4CC1-B786-8BED09428FC5): 3
LogDevObjectVersion:   Dev-AnimPhys (29E575DD-E0A3-4627-9D10-D276232CDCEA): 17
LogDevObjectVersion:   Dev-Anim (AF43A65D-7FD3-4947-9873-3E8ED9C1BB05): 15
LogDevObjectVersion:   Dev-ReflectionCapture (6B266CEC-1EC7-4B8F-A30B-E4D90942FC07): 1
LogDevObjectVersion:   Dev-Automation (0DF73D61-A23F-47EA-B727-89E90C41499A): 1
LogDevObjectVersion:   FortniteMain (601D1886-AC64-4F84-AA16-D3DE0DEAC7D6): 47
LogDevObjectVersion:   FortniteRelease (E7086368-6B23-4C58-8439-1B7016265E91): 1
LogDevObjectVersion:   Dev-Enterprise (9DFFBCD6-494F-0158-E221-12823C92A888): 10
LogDevObjectVersion:   Dev-Niagara (F2AED0AC-9AFE-416F-8664-AA7FFA26D6FC): 1
LogDevObjectVersion:   Dev-Destruction (174F1F0B-B4C6-45A5-B13F-2EE8D0FB917D): 10
LogDevObjectVersion:   Dev-Physics-Ext (35F94A83-E258-406C-A318-09F59610247C): 41
LogDevObjectVersion:   Dev-PhysicsMaterial-Chaos (B68FC16E-8B1B-42E2-B453-215C058844FE): 1
LogDevObjectVersion:   Dev-CineCamera (B2E18506-4273-CFC2-A54E-F4BB758BBA07): 1
LogDevObjectVersion:   Dev-VirtualProduction (64F58936-FD1B-42BA-BA96-7289D5D0FA4E): 1
LogDevObjectVersion:   Dev-MediaFramework (6F0ED827-A609-4895-9C91-998D90180EA4): 2
LogInit: Presizing for max 25165824 objects, including 0 objects not considered by GC, pre-allocating 0 bytes for permanent pool.
LogConfig: Applying CVar settings from Section [/Script/Engine.StreamingSettings] File [D:/Degree/SEM 5/Workshop 2/Workshop2_2023/Workshop2_2023/Saved/Config/Windows/Engine.ini]
LogConfig: Setting CVar [[s.MinBulkDataSizeForAsyncLoading:131072]]
LogConfig: Setting CVar [[s.AsyncLoadingThreadEnabled:0]]
LogConfig: Setting CVar [[s.EventDrivenLoaderEnabled:1]]
LogConfig: Setting CVar [[s.WarnIfTimeLimitExceeded:0]]
LogConfig: Setting CVar [[s.TimeLimitExceededMultiplier:1.5]]
LogConfig: Setting CVar [[s.TimeLimitExceededMinTime:0.005]]
LogConfig: Setting CVar [[s.UseBackgroundLevelStreaming:1]]
LogConfig: Setting CVar [[s.PriorityAsyncLoadingExtraTime:15.0]]
LogConfig: Setting CVar [[s.LevelStreamingActorsUpdateTimeLimit:5.0]]
LogConfig: Setting CVar [[s.PriorityLevelStreamingActorsUpdateExtraTime:5.0]]
LogConfig: Setting CVar [[s.LevelStreamingComponentsRegistrationGranularity:10]]
LogConfig: Setting CVar [[s.UnregisterComponentsTimeLimit:1.0]]
LogConfig: Setting CVar [[s.LevelStreamingComponentsUnregistrationGranularity:5]]
LogConfig: Setting CVar [[s.FlushStreamingOnExit:1]]
LogInit: Object subsystem initialized
LogConfig: Setting CVar [[con.DebugEarlyDefault:1]]
LogConfig: Setting CVar [[r.setres:1280x720]]
[2024.01.04-03.24.57:134][  0]LogConfig: Setting CVar [[r.VSync:0]]
[2024.01.04-03.24.57:134][  0]LogConfig: Setting CVar [[r.RHICmdBypass:0]]
[2024.01.04-03.24.57:134][  0]LogConfig: Applying CVar settings from Section [/Script/Engine.RendererSettings] File [D:/Degree/SEM 5/Workshop 2/Workshop2_2023/Workshop2_2023/Saved/Config/Windows/Engine.ini]
[2024.01.04-03.24.57:134][  0]LogConfig: Setting CVar [[r.GPUCrashDebugging:0]]
[2024.01.04-03.24.57:134][  0]LogConfig: Applying CVar settings from Section [/Script/Engine.RendererOverrideSettings] File [D:/Degree/SEM 5/Workshop 2/Workshop2_2023/Workshop2_2023/Saved/Config/Windows/Engine.ini]
[2024.01.04-03.24.57:134][  0]LogConfig: Applying CVar settings from Section [/Script/Engine.StreamingSettings] File [D:/Degree/SEM 5/Workshop 2/Workshop2_2023/Workshop2_2023/Saved/Config/Windows/Engine.ini]
[2024.01.04-03.24.57:134][  0]LogConfig: Setting CVar [[s.MinBulkDataSizeForAsyncLoading:131072]]
[2024.01.04-03.24.57:134][  0]LogConfig: Setting CVar [[s.AsyncLoadingThreadEnabled:0]]
[2024.01.04-03.24.57:134][  0]LogConfig: Setting CVar [[s.EventDrivenLoaderEnabled:1]]
[2024.01.04-03.24.57:134][  0]LogConfig: Setting CVar [[s.WarnIfTimeLimitExceeded:0]]
[2024.01.04-03.24.57:134][  0]LogConfig: Setting CVar [[s.TimeLimitExceededMultiplier:1.5]]
[2024.01.04-03.24.57:134][  0]LogConfig: Setting CVar [[s.TimeLimitExceededMinTime:0.005]]
[2024.01.04-03.24.57:134][  0]LogConfig: Setting CVar [[s.UseBackgroundLevelStreaming:1]]
[2024.01.04-03.24.57:134][  0]LogConfig: Setting CVar [[s.PriorityAsyncLoadingExtraTime:15.0]]
[2024.01.04-03.24.57:134][  0]LogConfig: Setting CVar [[s.LevelStreamingActorsUpdateTimeLimit:5.0]]
[2024.01.04-03.24.57:134][  0]LogConfig: Setting CVar [[s.PriorityLevelStreamingActorsUpdateExtraTime:5.0]]
[2024.01.04-03.24.57:134][  0]LogConfig: Setting CVar [[s.LevelStreamingComponentsRegistrationGranularity:10]]
[2024.01.04-03.24.57:134][  0]LogConfig: Setting CVar [[s.UnregisterComponentsTimeLimit:1.0]]
[2024.01.04-03.24.57:134][  0]LogConfig: Setting CVar [[s.LevelStreamingComponentsUnregistrationGranularity:5]]
[2024.01.04-03.24.57:134][  0]LogConfig: Setting CVar [[s.FlushStreamingOnExit:1]]
[2024.01.04-03.24.57:134][  0]LogConfig: Applying CVar settings from Section [/Script/Engine.GarbageCollectionSettings] File [D:/Degree/SEM 5/Workshop 2/Workshop2_2023/Workshop2_2023/Saved/Config/Windows/Engine.ini]
[2024.01.04-03.24.57:134][  0]LogConfig: Setting CVar [[gc.MaxObjectsNotConsideredByGC:1]]
[2024.01.04-03.24.57:134][  0]LogConfig: Setting CVar [[gc.SizeOfPermanentObjectPool:0]]
[2024.01.04-03.24.57:134][  0]LogConfig: Setting CVar [[gc.FlushStreamingOnGC:0]]
[2024.01.04-03.24.57:134][  0]LogConfig: Setting CVar [[gc.NumRetriesBeforeForcingGC:10]]
[2024.01.04-03.24.57:134][  0]LogConfig: Setting CVar [[gc.AllowParallelGC:1]]
[2024.01.04-03.24.57:134][  0]LogConfig: Setting CVar [[gc.TimeBetweenPurgingPendingKillObjects:61.1]]
[2024.01.04-03.24.57:134][  0]LogConfig: Setting CVar [[gc.MaxObjectsInEditor:25165824]]
[2024.01.04-03.24.57:134][  0]LogConfig: Setting CVar [[gc.IncrementalBeginDestroyEnabled:1]]
[2024.01.04-03.24.57:134][  0]LogConfig: Setting CVar [[gc.CreateGCClusters:1]]
[2024.01.04-03.24.57:134][  0]LogConfig: Setting CVar [[gc.MinGCClusterSize:5]]
[2024.01.04-03.24.57:134][  0]LogConfig: Setting CVar [[gc.ActorClusteringEnabled:0]]
[2024.01.04-03.24.57:134][  0]LogConfig: Setting CVar [[gc.BlueprintClusteringEnabled:0]]
[2024.01.04-03.24.57:134][  0]LogConfig: Setting CVar [[gc.UseDisregardForGCOnDedicatedServers:0]]
[2024.01.04-03.24.57:134][  0]LogConfig: Setting CVar [[gc.MultithreadedDestructionEnabled:1]]
[2024.01.04-03.24.57:134][  0]LogConfig: Applying CVar settings from Section [/Script/Engine.NetworkSettings] File [D:/Degree/SEM 5/Workshop 2/Workshop2_2023/Workshop2_2023/Saved/Config/Windows/Engine.ini]
[2024.01.04-03.24.57:134][  0]LogConfig: Applying CVar settings from Section [/Script/UnrealEd.CookerSettings] File [D:/Degree/SEM 5/Workshop 2/Workshop2_2023/Workshop2_2023/Saved/Config/Windows/Engine.ini]
[2024.01.04-03.24.57:145][  0]LogConfig: Applying CVar settings from Section [ViewDistanceQuality@3] File [D:/Degree/SEM 5/Workshop 2/Workshop2_2023/Workshop2_2023/Saved/Config/Windows/Scalability.ini]
[2024.01.04-03.24.57:145][  0]LogConfig: Setting CVar [[r.SkeletalMeshLODBias:0]]
[2024.01.04-03.24.57:145][  0]LogConfig: Setting CVar [[r.ViewDistanceScale:1.0]]
[2024.01.04-03.24.57:145][  0]LogConfig: Applying CVar settings from Section [AntiAliasingQuality@3] File [D:/Degree/SEM 5/Workshop 2/Workshop2_2023/Workshop2_2023/Saved/Config/Windows/Scalability.ini]
[2024.01.04-03.24.57:145][  0]LogConfig: Setting CVar [[r.PostProcessAAQuality:4]]
[2024.01.04-03.24.57:145][  0]LogConfig: Applying CVar settings from Section [ShadowQuality@3] File [D:/Degree/SEM 5/Workshop 2/Workshop2_2023/Workshop2_2023/Saved/Config/Windows/Scalability.ini]
[2024.01.04-03.24.57:145][  0]LogConfig: Setting CVar [[r.LightFunctionQuality:1]]
[2024.01.04-03.24.57:145][  0]LogConfig: Setting CVar [[r.ShadowQuality:5]]
[2024.01.04-03.24.57:145][  0]LogConfig: Setting CVar [[r.Shadow.CSM.MaxCascades:10]]
[2024.01.04-03.24.57:145][  0]LogConfig: Setting CVar [[r.Shadow.MaxResolution:2048]]
[2024.01.04-03.24.57:145][  0]LogConfig: Setting CVar [[r.Shadow.MaxCSMResolution:2048]]
[2024.01.04-03.24.57:145][  0]LogConfig: Setting CVar [[r.Shadow.RadiusThreshold:0.01]]
[2024.01.04-03.24.57:145][  0]LogConfig: Setting CVar [[r.Shadow.DistanceScale:1.0]]
[2024.01.04-03.24.57:145][  0]LogConfig: Setting CVar [[r.Shadow.CSM.TransitionScale:1.0]]
[2024.01.04-03.24.57:145][  0]LogConfig: Setting CVar [[r.Shadow.PreShadowResolutionFactor:1.0]]
[2024.01.04-03.24.57:145][  0]LogConfig: Setting CVar [[r.DistanceFieldShadowing:1]]
[2024.01.04-03.24.57:145][  0]LogConfig: Setting CVar [[r.DistanceFieldAO:1]]
[2024.01.04-03.24.57:145][  0]LogConfig: Setting CVar [[r.AOQuality:2]]
[2024.01.04-03.24.57:145][  0]LogConfig: Setting CVar [[r.VolumetricFog:1]]
[2024.01.04-03.24.57:145][  0]LogConfig: Setting CVar [[r.VolumetricFog.GridPixelSize:8]]
[2024.01.04-03.24.57:145][  0]LogConfig: Setting CVar [[r.VolumetricFog.GridSizeZ:128]]
[2024.01.04-03.24.57:145][  0]LogConfig: Setting CVar [[r.VolumetricFog.HistoryMissSupersampleCount:4]]
[2024.01.04-03.24.57:145][  0]LogConfig: Setting CVar [[r.LightMaxDrawDistanceScale:1]]
[2024.01.04-03.24.57:145][  0]LogConfig: Setting CVar [[r.CapsuleShadows:1]]
[2024.01.04-03.24.57:145][  0]LogConfig: Applying CVar settings from Section [PostProcessQuality@3] File [D:/Degree/SEM 5/Workshop 2/Workshop2_2023/Workshop2_2023/Saved/Config/Windows/Scalability.ini]
[2024.01.04-03.24.57:145][  0]LogConfig: Setting CVar [[r.MotionBlurQuality:4]]
[2024.01.04-03.24.57:145][  0]LogConfig: Setting CVar [[r.AmbientOcclusionMipLevelFactor:0.4]]
[2024.01.04-03.24.57:146][  0]LogConfig: Setting CVar [[r.AmbientOcclusionMaxQuality:100]]
[2024.01.04-03.24.57:146][  0]LogConfig: Setting CVar [[r.AmbientOcclusionLevels:-1]]
[2024.01.04-03.24.57:146][  0]LogConfig: Setting CVar [[r.AmbientOcclusionRadiusScale:1.0]]
[2024.01.04-03.24.57:146][  0]LogConfig: Setting CVar [[r.DepthOfFieldQuality:2]]
[2024.01.04-03.24.57:146][  0]LogConfig: Setting CVar [[r.RenderTargetPoolMin:400]]
[2024.01.04-03.24.57:146][  0]LogConfig: Setting CVar [[r.LensFlareQuality:2]]
[2024.01.04-03.24.57:146][  0]LogConfig: Setting CVar [[r.SceneColorFringeQuality:1]]
[2024.01.04-03.24.57:146][  0]LogConfig: Setting CVar [[r.EyeAdaptationQuality:2]]
[2024.01.04-03.24.57:146][  0]LogConfig: Setting CVar [[r.BloomQuality:5]]
[2024.01.04-03.24.57:146][  0]LogConfig: Setting CVar [[r.FastBlurThreshold:100]]
[2024.01.04-03.24.57:146][  0]LogConfig: Setting CVar [[r.Upscale.Quality:3]]
[2024.01.04-03.24.57:146][  0]LogConfig: Setting CVar [[r.Tonemapper.GrainQuantization:1]]
[2024.01.04-03.24.57:146][  0]LogConfig: Setting CVar [[r.LightShaftQuality:1]]
[2024.01.04-03.24.57:146][  0]LogConfig: Setting CVar [[r.Filter.SizeScale:1]]
[2024.01.04-03.24.57:146][  0]LogConfig: Setting CVar [[r.Tonemapper.Quality:5]]
[2024.01.04-03.24.57:146][  0]LogConfig: Setting CVar [[r.DOF.Gather.AccumulatorQuality:1        ; higher gathering accumulator quality]]
[2024.01.04-03.24.57:146][  0]LogConfig: Setting CVar [[r.DOF.Gather.PostfilterMethod:1          ; Median3x3 postfilering method]]
[2024.01.04-03.24.57:146][  0]LogConfig: Setting CVar [[r.DOF.Gather.EnableBokehSettings:0       ; no bokeh simulation when gathering]]
[2024.01.04-03.24.57:146][  0]LogConfig: Setting CVar [[r.DOF.Gather.RingCount:4                 ; medium number of samples when gathering]]
[2024.01.04-03.24.57:146][  0]LogConfig: Setting CVar [[r.DOF.Scatter.ForegroundCompositing:1    ; additive foreground scattering]]
[2024.01.04-03.24.57:146][  0]LogConfig: Setting CVar [[r.DOF.Scatter.BackgroundCompositing:2    ; additive background scattering]]
[2024.01.04-03.24.57:146][  0]LogConfig: Setting CVar [[r.DOF.Scatter.EnableBokehSettings:1      ; bokeh simulation when scattering]]
[2024.01.04-03.24.57:146][  0]LogConfig: Setting CVar [[r.DOF.Scatter.MaxSpriteRatio:0.1         ; only a maximum of 10% of scattered bokeh]]
[2024.01.04-03.24.57:146][  0]LogConfig: Setting CVar [[r.DOF.Recombine.Quality:1                ; cheap slight out of focus]]
[2024.01.04-03.24.57:146][  0]LogConfig: Setting CVar [[r.DOF.Recombine.EnableBokehSettings:0    ; no bokeh simulation on slight out of focus]]
[2024.01.04-03.24.57:146][  0]LogConfig: Setting CVar [[r.DOF.TemporalAAQuality:1                ; more stable temporal accumulation]]
[2024.01.04-03.24.57:146][  0]LogConfig: Setting CVar [[r.DOF.Kernel.MaxForegroundRadius:0.025]]
[2024.01.04-03.24.57:146][  0]LogConfig: Setting CVar [[r.DOF.Kernel.MaxBackgroundRadius:0.025]]
[2024.01.04-03.24.57:146][  0]LogConfig: Applying CVar settings from Section [TextureQuality@3] File [D:/Degree/SEM 5/Workshop 2/Workshop2_2023/Workshop2_2023/Saved/Config/Windows/Scalability.ini]
[2024.01.04-03.24.57:146][  0]LogConfig: Setting CVar [[r.Streaming.MipBias:0]]
[2024.01.04-03.24.57:146][  0]LogConfig: Setting CVar [[r.Streaming.AmortizeCPUToGPUCopy:0]]
[2024.01.04-03.24.57:146][  0]LogConfig: Setting CVar [[r.Streaming.MaxNumTexturesToStreamPerFrame:0]]
[2024.01.04-03.24.57:146][  0]LogConfig: Setting CVar [[r.Streaming.Boost:1]]
[2024.01.04-03.24.57:146][  0]LogConfig: Setting CVar [[r.MaxAnisotropy:8]]
[2024.01.04-03.24.57:146][  0]LogConfig: Setting CVar [[r.VT.MaxAnisotropy:8]]
[2024.01.04-03.24.57:146][  0]LogConfig: Setting CVar [[r.Streaming.LimitPoolSizeToVRAM:0]]
[2024.01.04-03.24.57:146][  0]LogConfig: Setting CVar [[r.Streaming.PoolSize:1000]]
[2024.01.04-03.24.57:146][  0]LogConfig: Setting CVar [[r.Streaming.MaxEffectiveScreenSize:0]]
[2024.01.04-03.24.57:146][  0]LogConfig: Applying CVar settings from Section [EffectsQuality@3] File [D:/Degree/SEM 5/Workshop 2/Workshop2_2023/Workshop2_2023/Saved/Config/Windows/Scalability.ini]
[2024.01.04-03.24.57:146][  0]LogConfig: Setting CVar [[r.TranslucencyLightingVolumeDim:64]]
[2024.01.04-03.24.57:146][  0]LogConfig: Setting CVar [[r.RefractionQuality:2]]
[2024.01.04-03.24.57:146][  0]LogConfig: Setting CVar [[r.SSR.Quality:3]]
[2024.01.04-03.24.57:146][  0]LogConfig: Setting CVar [[r.SSR.HalfResSceneColor:0]]
[2024.01.04-03.24.57:146][  0]LogConfig: Setting CVar [[r.SceneColorFormat:4]]
[2024.01.04-03.24.57:146][  0]LogConfig: Setting CVar [[r.DetailMode:2]]
[2024.01.04-03.24.57:146][  0]LogConfig: Setting CVar [[r.TranslucencyVolumeBlur:1]]
[2024.01.04-03.24.57:146][  0]LogConfig: Setting CVar [[r.MaterialQualityLevel:1 ; High quality]]
[2024.01.04-03.24.57:146][  0]LogConfig: Setting CVar [[r.AnisotropicMaterials:1]]
[2024.01.04-03.24.57:146][  0]LogConfig: Setting CVar [[r.SSS.Scale:1]]
[2024.01.04-03.24.57:146][  0]LogConfig: Setting CVar [[r.SSS.SampleSet:2]]
[2024.01.04-03.24.57:146][  0]LogConfig: Setting CVar [[r.SSS.Quality:1]]
[2024.01.04-03.24.57:146][  0]LogConfig: Setting CVar [[r.SSS.HalfRes:0]]
[2024.01.04-03.24.57:146][  0]LogConfig: Setting CVar [[r.SSGI.Quality:3]]
[2024.01.04-03.24.57:146][  0]LogConfig: Setting CVar [[r.EmitterSpawnRateScale:1.0]]
[2024.01.04-03.24.57:146][  0]LogConfig: Setting CVar [[r.ParticleLightQuality:2]]
[2024.01.04-03.24.57:146][  0]LogConfig: Setting CVar [[r.SkyAtmosphere.AerialPerspectiveLUT.FastApplyOnOpaque:1 ; Always have FastSkyLUT 1 in this case to avoid wrong sky]]
[2024.01.04-03.24.57:146][  0]LogConfig: Setting CVar [[r.SkyAtmosphere.AerialPerspectiveLUT.SampleCountMaxPerSlice:4]]
[2024.01.04-03.24.57:146][  0]LogConfig: Setting CVar [[r.SkyAtmosphere.AerialPerspectiveLUT.DepthResolution:16.0]]
[2024.01.04-03.24.57:146][  0]LogConfig: Setting CVar [[r.SkyAtmosphere.FastSkyLUT:1]]
[2024.01.04-03.24.57:146][  0]LogConfig: Setting CVar [[r.SkyAtmosphere.FastSkyLUT.SampleCountMin:4.0]]
[2024.01.04-03.24.57:146][  0]LogConfig: Setting CVar [[r.SkyAtmosphere.FastSkyLUT.SampleCountMax:128.0]]
[2024.01.04-03.24.57:146][  0]LogConfig: Setting CVar [[r.SkyAtmosphere.SampleCountMin:4.0]]
[2024.01.04-03.24.57:146][  0]LogConfig: Setting CVar [[r.SkyAtmosphere.SampleCountMax:128.0]]
[2024.01.04-03.24.57:146][  0]LogConfig: Setting CVar [[r.SkyAtmosphere.TransmittanceLUT.UseSmallFormat:0]]
[2024.01.04-03.24.57:146][  0]LogConfig: Setting CVar [[r.SkyAtmosphere.TransmittanceLUT.SampleCount:10.0]]
[2024.01.04-03.24.57:146][  0]LogConfig: Setting CVar [[r.SkyAtmosphere.MultiScatteringLUT.SampleCount:15.0]]
[2024.01.04-03.24.57:146][  0]LogConfig: Setting CVar [[r.SkyLight.RealTimeReflectionCapture:1]]
[2024.01.04-03.24.57:146][  0]LogConfig: Applying CVar settings from Section [FoliageQuality@3] File [D:/Degree/SEM 5/Workshop 2/Workshop2_2023/Workshop2_2023/Saved/Config/Windows/Scalability.ini]
[2024.01.04-03.24.57:146][  0]LogConfig: Setting CVar [[foliage.DensityScale:1.0]]
[2024.01.04-03.24.57:146][  0]LogConfig: Setting CVar [[grass.DensityScale:1.0]]
[2024.01.04-03.24.57:146][  0]LogConfig: Applying CVar settings from Section [ShadingQuality@3] File [D:/Degree/SEM 5/Workshop 2/Workshop2_2023/Workshop2_2023/Saved/Config/Windows/Scalability.ini]
[2024.01.04-03.24.57:146][  0]LogConfig: Setting CVar [[r.HairStrands.SkyLighting.IntegrationType:2]]
[2024.01.04-03.24.57:146][  0]LogConfig: Setting CVar [[r.HairStrands.SkyAO.SampleCount:4]]
[2024.01.04-03.24.57:146][  0]LogConfig: Setting CVar [[r.HairStrands.Visibility.MSAA.SamplePerPixel:4]]
[2024.01.04-03.24.57:146][  0]LogInit: Selected Device Profile: [Windows]
[2024.01.04-03.24.57:146][  0]LogInit: Applying CVar settings loaded from the selected device profile: [Windows]
[2024.01.04-03.24.57:146][  0]LogHAL: Display: Platform has ~ 8 GB [8426483712 / 8589934592 / 8], which maps to Default [LargestMinGB=32, LargerMinGB=12, DefaultMinGB=8, SmallerMinGB=6, SmallestMinGB=0)
[2024.01.04-03.24.57:147][  0]LogInit: Going up to parent DeviceProfile []
[2024.01.04-03.24.57:147][  0]LogConfig: Applying CVar settings from Section [ViewDistanceQuality@1] File [D:/Degree/SEM 5/Workshop 2/Workshop2_2023/Workshop2_2023/Saved/Config/Windows/Scalability.ini]
[2024.01.04-03.24.57:147][  0]LogConfig: Setting CVar [[r.SkeletalMeshLODBias:1]]
[2024.01.04-03.24.57:147][  0]LogConfig: Setting CVar [[r.ViewDistanceScale:0.6]]
[2024.01.04-03.24.57:147][  0]LogConfig: Applying CVar settings from Section [AntiAliasingQuality@1] File [D:/Degree/SEM 5/Workshop 2/Workshop2_2023/Workshop2_2023/Saved/Config/Windows/Scalability.ini]
[2024.01.04-03.24.57:147][  0]LogConfig: Setting CVar [[r.PostProcessAAQuality:2]]
[2024.01.04-03.24.57:147][  0]LogConfig: Applying CVar settings from Section [ShadowQuality@1] File [D:/Degree/SEM 5/Workshop 2/Workshop2_2023/Workshop2_2023/Saved/Config/Windows/Scalability.ini]
[2024.01.04-03.24.57:147][  0]LogConfig: Setting CVar [[r.LightFunctionQuality:1]]
[2024.01.04-03.24.57:147][  0]LogConfig: Setting CVar [[r.ShadowQuality:3]]
[2024.01.04-03.24.57:147][  0]LogConfig: Setting CVar [[r.Shadow.CSM.MaxCascades:1]]
[2024.01.04-03.24.57:147][  0]LogConfig: Setting CVar [[r.Shadow.MaxResolution:1024]]
[2024.01.04-03.24.57:147][  0]LogConfig: Setting CVar [[r.Shadow.MaxCSMResolution:1024]]
[2024.01.04-03.24.57:147][  0]LogConfig: Setting CVar [[r.Shadow.RadiusThreshold:0.05]]
[2024.01.04-03.24.57:147][  0]LogConfig: Setting CVar [[r.Shadow.DistanceScale:0.7]]
[2024.01.04-03.24.57:147][  0]LogConfig: Setting CVar [[r.Shadow.CSM.TransitionScale:0.25]]
[2024.01.04-03.24.57:147][  0]LogConfig: Setting CVar [[r.Shadow.PreShadowResolutionFactor:0.5]]
[2024.01.04-03.24.57:147][  0]LogConfig: Setting CVar [[r.DistanceFieldShadowing:0]]
[2024.01.04-03.24.57:147][  0]LogConfig: Setting CVar [[r.DistanceFieldAO:0]]
[2024.01.04-03.24.57:147][  0]LogConfig: Setting CVar [[r.VolumetricFog:0]]
[2024.01.04-03.24.57:147][  0]LogConfig: Setting CVar [[r.LightMaxDrawDistanceScale:.5]]
[2024.01.04-03.24.57:147][  0]LogConfig: Setting CVar [[r.CapsuleShadows:1]]
[2024.01.04-03.24.57:147][  0]LogConfig: Applying CVar settings from Section [PostProcessQuality@1] File [D:/Degree/SEM 5/Workshop 2/Workshop2_2023/Workshop2_2023/Saved/Config/Windows/Scalability.ini]
[2024.01.04-03.24.57:147][  0]LogConfig: Setting CVar [[r.MotionBlurQuality:3]]
[2024.01.04-03.24.57:147][  0]LogConfig: Setting CVar [[r.AmbientOcclusionMipLevelFactor:1.0]]
[2024.01.04-03.24.57:147][  0]LogConfig: Setting CVar [[r.AmbientOcclusionMaxQuality:60]]
[2024.01.04-03.24.57:147][  0]LogConfig: Setting CVar [[r.AmbientOcclusionLevels:-1]]
[2024.01.04-03.24.57:147][  0]LogConfig: Setting CVar [[r.AmbientOcclusionRadiusScale:1.5]]
[2024.01.04-03.24.57:147][  0]LogConfig: Setting CVar [[r.DepthOfFieldQuality:1]]
[2024.01.04-03.24.57:147][  0]LogConfig: Setting CVar [[r.RenderTargetPoolMin:350]]
[2024.01.04-03.24.57:147][  0]LogConfig: Setting CVar [[r.LensFlareQuality:0]]
[2024.01.04-03.24.57:147][  0]LogConfig: Setting CVar [[r.SceneColorFringeQuality:0]]
[2024.01.04-03.24.57:147][  0]LogConfig: Setting CVar [[r.EyeAdaptationQuality:2]]
[2024.01.04-03.24.57:147][  0]LogConfig: Setting CVar [[r.BloomQuality:4]]
[2024.01.04-03.24.57:147][  0]LogConfig: Setting CVar [[r.FastBlurThreshold:2]]
[2024.01.04-03.24.57:147][  0]LogConfig: Setting CVar [[r.Upscale.Quality:2]]
[2024.01.04-03.24.57:147][  0]LogConfig: Setting CVar [[r.Tonemapper.GrainQuantization:0]]
[2024.01.04-03.24.57:147][  0]LogConfig: Setting CVar [[r.LightShaftQuality:0]]
[2024.01.04-03.24.57:147][  0]LogConfig: Setting CVar [[r.Filter.SizeScale:0.7]]
[2024.01.04-03.24.57:147][  0]LogConfig: Setting CVar [[r.Tonemapper.Quality:2]]
[2024.01.04-03.24.57:147][  0]LogConfig: Setting CVar [[r.DOF.Gather.AccumulatorQuality:0        ; lower gathering accumulator quality]]
[2024.01.04-03.24.57:147][  0]LogConfig: Setting CVar [[r.DOF.Gather.PostfilterMethod:2          ; Max3x3 postfilering method]]
[2024.01.04-03.24.57:147][  0]LogConfig: Setting CVar [[r.DOF.Gather.EnableBokehSettings:0       ; no bokeh simulation when gathering]]
[2024.01.04-03.24.57:147][  0]LogConfig: Setting CVar [[r.DOF.Gather.RingCount:3                 ; low number of samples when gathering]]
[2024.01.04-03.24.57:147][  0]LogConfig: Setting CVar [[r.DOF.Scatter.ForegroundCompositing:0    ; no foreground scattering]]
[2024.01.04-03.24.57:147][  0]LogConfig: Setting CVar [[r.DOF.Scatter.BackgroundCompositing:0    ; no foreground scattering]]
[2024.01.04-03.24.57:147][  0]LogConfig: Setting CVar [[r.DOF.Recombine.Quality:0                ; no slight out of focus]]
[2024.01.04-03.24.57:147][  0]LogConfig: Setting CVar [[r.DOF.TemporalAAQuality:0                ; faster temporal accumulation]]
[2024.01.04-03.24.57:147][  0]LogConfig: Setting CVar [[r.DOF.Kernel.MaxForegroundRadius:0.006   ; required because low gathering and no scattering and not looking great at 1080p]]
[2024.01.04-03.24.57:147][  0]LogConfig: Setting CVar [[r.DOF.Kernel.MaxBackgroundRadius:0.006   ; required because low gathering and no scattering and not looking great at 1080p]]
[2024.01.04-03.24.57:147][  0]LogConfig: Applying CVar settings from Section [TextureQuality@1] File [D:/Degree/SEM 5/Workshop 2/Workshop2_2023/Workshop2_2023/Saved/Config/Windows/Scalability.ini]
[2024.01.04-03.24.57:147][  0]LogConfig: Setting CVar [[r.Streaming.MipBias:1]]
[2024.01.04-03.24.57:147][  0]LogConfig: Setting CVar [[r.Streaming.AmortizeCPUToGPUCopy:0]]
[2024.01.04-03.24.57:147][  0]LogConfig: Setting CVar [[r.Streaming.MaxNumTexturesToStreamPerFrame:0]]
[2024.01.04-03.24.57:147][  0]LogConfig: Setting CVar [[r.Streaming.Boost:1]]
[2024.01.04-03.24.57:147][  0]LogConfig: Setting CVar [[r.MaxAnisotropy:2]]
[2024.01.04-03.24.57:147][  0]LogConfig: Setting CVar [[r.VT.MaxAnisotropy:4]]
[2024.01.04-03.24.57:147][  0]LogConfig: Setting CVar [[r.Streaming.LimitPoolSizeToVRAM:1]]
[2024.01.04-03.24.57:147][  0]LogConfig: Setting CVar [[r.Streaming.PoolSize:600]]
[2024.01.04-03.24.57:147][  0]LogConfig: Setting CVar [[r.Streaming.MaxEffectiveScreenSize:0]]
[2024.01.04-03.24.57:147][  0]LogConfig: Applying CVar settings from Section [EffectsQuality@1] File [D:/Degree/SEM 5/Workshop 2/Workshop2_2023/Workshop2_2023/Saved/Config/Windows/Scalability.ini]
[2024.01.04-03.24.57:147][  0]LogConfig: Setting CVar [[r.TranslucencyLightingVolumeDim:32]]
[2024.01.04-03.24.57:147][  0]LogConfig: Setting CVar [[r.RefractionQuality:0]]
[2024.01.04-03.24.57:147][  0]LogConfig: Setting CVar [[r.SSR.Quality:0]]
[2024.01.04-03.24.57:147][  0]LogConfig: Setting CVar [[r.SSR.HalfResSceneColor:1]]
[2024.01.04-03.24.57:147][  0]LogConfig: Setting CVar [[r.SceneColorFormat:3]]
[2024.01.04-03.24.57:147][  0]LogConfig: Setting CVar [[r.DetailMode:1]]
[2024.01.04-03.24.57:147][  0]LogConfig: Setting CVar [[r.TranslucencyVolumeBlur:0]]
[2024.01.04-03.24.57:147][  0]LogConfig: Setting CVar [[r.MaterialQualityLevel:2 ; Medium quality]]
[2024.01.04-03.24.57:147][  0]LogConfig: Setting CVar [[r.AnisotropicMaterials:0]]
[2024.01.04-03.24.57:147][  0]LogConfig: Setting CVar [[r.SSS.Scale:0.75]]
[2024.01.04-03.24.57:147][  0]LogConfig: Setting CVar [[r.SSS.SampleSet:0]]
[2024.01.04-03.24.57:147][  0]LogConfig: Setting CVar [[r.SSS.Quality:0]]
[2024.01.04-03.24.57:147][  0]LogConfig: Setting CVar [[r.SSS.HalfRes:1]]
[2024.01.04-03.24.57:147][  0]LogConfig: Setting CVar [[r.SSGI.Quality:1]]
[2024.01.04-03.24.57:147][  0]LogConfig: Setting CVar [[r.EmitterSpawnRateScale:0.25]]
[2024.01.04-03.24.57:147][  0]LogConfig: Setting CVar [[r.ParticleLightQuality:0]]
[2024.01.04-03.24.57:147][  0]LogConfig: Setting CVar [[r.SkyAtmosphere.AerialPerspectiveLUT.FastApplyOnOpaque:1 ; Always have FastSkyLUT 1 in this case to avoid wrong sky]]
[2024.01.04-03.24.57:147][  0]LogConfig: Setting CVar [[r.SkyAtmosphere.AerialPerspectiveLUT.SampleCountMaxPerSlice:1]]
[2024.01.04-03.24.57:147][  0]LogConfig: Setting CVar [[r.SkyAtmosphere.AerialPerspectiveLUT.DepthResolution:16.0]]
[2024.01.04-03.24.57:148][  0]LogConfig: Setting CVar [[r.SkyAtmosphere.FastSkyLUT:1]]
[2024.01.04-03.24.57:148][  0]LogConfig: Setting CVar [[r.SkyAtmosphere.FastSkyLUT.SampleCountMin:4.0]]
[2024.01.04-03.24.57:148][  0]LogConfig: Setting CVar [[r.SkyAtmosphere.FastSkyLUT.SampleCountMax:32.0]]
[2024.01.04-03.24.57:148][  0]LogConfig: Setting CVar [[r.SkyAtmosphere.SampleCountMin:4.0]]
[2024.01.04-03.24.57:148][  0]LogConfig: Setting CVar [[r.SkyAtmosphere.SampleCountMax:32.0]]
[2024.01.04-03.24.57:148][  0]LogConfig: Setting CVar [[r.SkyAtmosphere.TransmittanceLUT.UseSmallFormat:0]]
[2024.01.04-03.24.57:148][  0]LogConfig: Setting CVar [[r.SkyAtmosphere.TransmittanceLUT.SampleCount:10.0]]
[2024.01.04-03.24.57:148][  0]LogConfig: Setting CVar [[r.SkyAtmosphere.MultiScatteringLUT.SampleCount:15.0]]
[2024.01.04-03.24.57:148][  0]LogConfig: Setting CVar [[r.SkyLight.RealTimeReflectionCapture:0]]
[2024.01.04-03.24.57:148][  0]LogConfig: Applying CVar settings from Section [FoliageQuality@1] File [D:/Degree/SEM 5/Workshop 2/Workshop2_2023/Workshop2_2023/Saved/Config/Windows/Scalability.ini]
[2024.01.04-03.24.57:148][  0]LogConfig: Setting CVar [[foliage.DensityScale:0.4]]
[2024.01.04-03.24.57:148][  0]LogConfig: Setting CVar [[grass.DensityScale:0.4]]
[2024.01.04-03.24.57:148][  0]LogConfig: Applying CVar settings from Section [ShadingQuality@1] File [D:/Degree/SEM 5/Workshop 2/Workshop2_2023/Workshop2_2023/Saved/Config/Windows/Scalability.ini]
[2024.01.04-03.24.57:148][  0]LogConfig: Setting CVar [[r.HairStrands.SkyLighting.IntegrationType:2]]
[2024.01.04-03.24.57:148][  0]LogConfig: Setting CVar [[r.HairStrands.SkyAO.SampleCount:4]]
[2024.01.04-03.24.57:148][  0]LogConfig: Setting CVar [[r.HairStrands.Visibility.MSAA.SamplePerPixel:1]]
[2024.01.04-03.24.57:148][  0]LogConfig: Applying CVar settings from Section [Startup] File [../../../Engine/Config/ConsoleVariables.ini]
[2024.01.04-03.24.57:148][  0]LogConfig: Setting CVar [[net.UseAdaptiveNetUpdateFrequency:0]]
[2024.01.04-03.24.57:148][  0]LogConfig: Setting CVar [[p.chaos.AllowCreatePhysxBodies:1]]
[2024.01.04-03.24.57:148][  0]LogConfig: Setting CVar [[fx.SkipVectorVMBackendOptimizations:1]]
[2024.01.04-03.24.57:148][  0]LogConfig: Applying CVar settings from Section [ConsoleVariables] File [D:/Degree/SEM 5/Workshop 2/Workshop2_2023/Workshop2_2023/Saved/Config/Windows/Engine.ini]
[2024.01.04-03.24.57:148][  0]LogConfig: Applying CVar settings from Section [ConsoleVariables] File [D:/Degree/SEM 5/Workshop 2/Workshop2_2023/Workshop2_2023/Saved/Config/Windows/Editor.ini]
[2024.01.04-03.24.57:148][  0]LogInit: Computer: DESKTOP-IG28T27
[2024.01.04-03.24.57:148][  0]LogInit: User: irroc
[2024.01.04-03.24.57:148][  0]LogInit: CPU Page size=4096, Cores=4
[2024.01.04-03.24.57:148][  0]LogInit: High frequency timer resolution =10.000000 MHz
[2024.01.04-03.24.57:148][  0]LogMemory: Memory total: Physical=7.8GB (8GB approx)
[2024.01.04-03.24.57:148][  0]LogMemory: Platform Memory Stats for Windows
[2024.01.04-03.24.57:148][  0]LogMemory: Process Physical Memory: 144.67 MB used, 144.67 MB peak
[2024.01.04-03.24.57:148][  0]LogMemory: Process Virtual Memory: 128.56 MB used, 128.56 MB peak
[2024.01.04-03.24.57:148][  0]LogMemory: Physical Memory: 6628.68 MB used,  1407.44 MB free, 8036.12 MB total
[2024.01.04-03.24.57:148][  0]LogMemory: Virtual Memory: 134203184.00 MB used,  14542.29 MB free, 134217728.00 MB total
[2024.01.04-03.24.57:154][  0]LogWindows: WindowsPlatformFeatures enabled
[2024.01.04-03.24.57:212][  0]LogInit: Physics initialised using underlying interface: PhysX
[2024.01.04-03.24.57:212][  0]LogInit: Using OS detected language (en-GB).
[2024.01.04-03.24.57:212][  0]LogInit: Using OS detected locale (en-MY).
[2024.01.04-03.24.57:218][  0]LogTextLocalizationManager: No specific localization for 'en-GB' exists, so the 'en' localization will be used.
[2024.01.04-03.24.57:458][  0]LogInit: Setting process to per monitor DPI aware
[2024.01.04-03.24.57:476][  0]LogWindowsTextInputMethodSystem: Display: IME system deactivated.
[2024.01.04-03.24.57:492][  0]LogSlate: New Slate User Created.  User Index 0, Is Virtual User: 0
[2024.01.04-03.24.57:492][  0]LogSlate: Slate User Registered.  User Index 0, Is Virtual User: 0
[2024.01.04-03.24.57:663][  0]LogD3D11RHI: Loaded GFSDK_Aftermath_Lib.x64.dll
[2024.01.04-03.24.57:808][  0]LogHMD: Failed to initialize OpenVR with code 110
[2024.01.04-03.24.57:808][  0]LogD3D11RHI: D3D11 min allowed feature level: 11_0
[2024.01.04-03.24.57:808][  0]LogD3D11RHI: D3D11 max allowed feature level: 11_0
[2024.01.04-03.24.57:808][  0]LogD3D11RHI: D3D11 adapters:
[2024.01.04-03.24.57:981][  0]LogD3D11RHI:    0. 'NVIDIA GeForce GTX 1650 Ti with Max-Q Design' (Feature Level 11_0)
[2024.01.04-03.24.57:981][  0]LogD3D11RHI:       3950/0/4018 MB DedicatedVideo/DedicatedSystem/SharedSystem, Outputs:1, VendorId:0x10de
[2024.01.04-03.24.58:021][  0]LogD3D11RHI:    1. 'Intel(R) UHD Graphics 630' (Feature Level 11_0)
[2024.01.04-03.24.58:021][  0]LogD3D11RHI:       128/0/4018 MB DedicatedVideo/DedicatedSystem/SharedSystem, Outputs:0, VendorId:0x8086
[2024.01.04-03.24.58:023][  0]LogD3D11RHI:    2. 'Microsoft Basic Render Driver' (Feature Level 11_0)
[2024.01.04-03.24.58:023][  0]LogD3D11RHI:       0/0/4018 MB DedicatedVideo/DedicatedSystem/SharedSystem, Outputs:0, VendorId:0x1414
[2024.01.04-03.24.58:054][  0]LogD3D11RHI:    3. 'Intel(R) UHD Graphics 630' (Feature Level 11_0)
[2024.01.04-03.24.58:054][  0]LogD3D11RHI:       128/0/4018 MB DedicatedVideo/DedicatedSystem/SharedSystem, Outputs:0, VendorId:0x8086
[2024.01.04-03.24.58:054][  0]LogD3D11RHI: Chosen D3D11 Adapter:
[2024.01.04-03.24.58:054][  0]LogD3D11RHI:     Description : NVIDIA GeForce GTX 1650 Ti with Max-Q Design
[2024.01.04-03.24.58:054][  0]LogD3D11RHI:     VendorId    : 10de
[2024.01.04-03.24.58:054][  0]LogD3D11RHI:     DeviceId    : 1f95
[2024.01.04-03.24.58:054][  0]LogD3D11RHI:     SubSysId    : 12bd1462
[2024.01.04-03.24.58:054][  0]LogD3D11RHI:     Revision    : 00a1
[2024.01.04-03.24.58:054][  0]LogD3D11RHI:     DedicatedVideoMemory : 4141875200 bytes
[2024.01.04-03.24.58:054][  0]LogD3D11RHI:     DedicatedSystemMemory : 0 bytes
[2024.01.04-03.24.58:054][  0]LogD3D11RHI:     SharedSystemMemory : 4213241856 bytes
[2024.01.04-03.24.58:054][  0]LogD3D11RHI:     AdapterLuid : 0 72306
[2024.01.04-03.24.58:060][  0]LogD3D11RHI: Creating new Direct3DDevice
[2024.01.04-03.24.58:060][  0]LogD3D11RHI:     GPU DeviceId: 0x1f95 (for the marketing name, search the web for "GPU Device Id")
[2024.01.04-03.24.58:060][  0]LogWindows: EnumDisplayDevices:
[2024.01.04-03.24.58:060][  0]LogWindows:    0. 'Intel(R) UHD Graphics 630' (P:1 D:1)
[2024.01.04-03.24.58:060][  0]LogWindows:    1. 'Intel(R) UHD Graphics 630' (P:0 D:0)
[2024.01.04-03.24.58:061][  0]LogWindows:    2. 'Intel(R) UHD Graphics 630' (P:0 D:0)
[2024.01.04-03.24.58:061][  0]LogWindows:    3. 'LuminonCore IDDCX Adapter' (P:0 D:0)
[2024.01.04-03.24.58:061][  0]LogWindows:    4. 'LuminonCore IDDCX Adapter' (P:0 D:0)
[2024.01.04-03.24.58:062][  0]LogWindows:    5. 'LuminonCore IDDCX Adapter' (P:0 D:0)
[2024.01.04-03.24.58:062][  0]LogWindows:    6. 'LuminonCore IDDCX Adapter' (P:0 D:0)
[2024.01.04-03.24.58:062][  0]LogWindows:    7. 'LuminonCore IDDCX Adapter' (P:0 D:0)
[2024.01.04-03.24.58:062][  0]LogWindows:    8. 'LuminonCore IDDCX Adapter' (P:0 D:0)
[2024.01.04-03.24.58:063][  0]LogWindows:    9. 'LuminonCore IDDCX Adapter' (P:0 D:0)
[2024.01.04-03.24.58:063][  0]LogWindows:    10. 'LuminonCore IDDCX Adapter' (P:0 D:0)
[2024.01.04-03.24.58:063][  0]LogWindows:    11. 'LuminonCore IDDCX Adapter' (P:0 D:0)
[2024.01.04-03.24.58:063][  0]LogWindows:    12. 'LuminonCore IDDCX Adapter' (P:0 D:0)
[2024.01.04-03.24.58:064][  0]LogWindows:    13. 'LuminonCore IDDCX Adapter' (P:0 D:0)
[2024.01.04-03.24.58:064][  0]LogWindows:    14. 'LuminonCore IDDCX Adapter' (P:0 D:0)
[2024.01.04-03.24.58:064][  0]LogWindows:    15. 'LuminonCore IDDCX Adapter' (P:0 D:0)
[2024.01.04-03.24.58:064][  0]LogWindows:    16. 'LuminonCore IDDCX Adapter' (P:0 D:0)
[2024.01.04-03.24.58:065][  0]LogWindows:    17. 'LuminonCore IDDCX Adapter' (P:0 D:0)
[2024.01.04-03.24.58:065][  0]LogWindows:    18. 'LuminonCore IDDCX Adapter' (P:0 D:0)
[2024.01.04-03.24.58:065][  0]LogWindows: DebugString: PrimaryIsNotTheChoosenAdapter PrimaryIsNotTheChoosenAdapter PrimaryIsNotTheChoosenAdapter GetVideoDriverDetailsInvalid PrimaryIsNotTheChoosenAdapter GetVideoDriverDetailsInvalid PrimaryIsNotTheChoosenAdapter GetVideoDriverDetailsInvalid PrimaryIsNotTheChoosenAdapter GetVideoDriverDetailsInvalid PrimaryIsNotTheChoosenAdapter GetVideoDriverDetailsInvalid PrimaryIsNotTheChoosenAdapter GetVideoDriverDetailsInvalid PrimaryIsNotTheChoosenAdapter GetVideoDriverDetailsInvalid PrimaryIsNotTheChoosenAdapter GetVideoDriverDetailsInvalid PrimaryIsNotTheChoosenAdapter GetVideoDriverDetailsInvalid PrimaryIsNotTheChoosenAdapter GetVideoDriverDetailsInvalid PrimaryIsNotTheChoosenAdapter GetVideoDriverDetailsInvalid PrimaryIsNotTheChoosenAdapter GetVideoDriverDetailsInvalid PrimaryIsNotTheChoosenAdapter GetVideoDriverDetailsInvalid PrimaryIsNotTheChoosenAdapter GetVideoDriverDetailsInvalid PrimaryIsNotTheChoosenAdapter GetVideoDriverDetailsInvalid PrimaryIsNotTheChoosenAdapter GetVideoDriverDetailsInvalid PrimaryIsNotTheChoosenAdapter FoundDriverCount:0 
[2024.01.04-03.24.58:065][  0]LogD3D11RHI:     Adapter Name: NVIDIA GeForce GTX 1650 Ti with Max-Q Design
[2024.01.04-03.24.58:065][  0]LogD3D11RHI:   Driver Version: Unknown (internal:Unknown, unified:Unknown)
[2024.01.04-03.24.58:065][  0]LogD3D11RHI:      Driver Date: Unknown
[2024.01.04-03.24.58:065][  0]LogRHI: Texture pool is 2765 MB (70% of 3950 MB)
[2024.01.04-03.24.58:065][  0]LogD3D11RHI: Creating D3DDevice using adapter:
[2024.01.04-03.24.58:065][  0]LogD3D11RHI:     Description : NVIDIA GeForce GTX 1650 Ti with Max-Q Design
[2024.01.04-03.24.58:065][  0]LogD3D11RHI:     VendorId    : 10de
[2024.01.04-03.24.58:065][  0]LogD3D11RHI:     DeviceId    : 1f95
[2024.01.04-03.24.58:065][  0]LogD3D11RHI:     SubSysId    : 12bd1462
[2024.01.04-03.24.58:065][  0]LogD3D11RHI:     Revision    : 00a1
[2024.01.04-03.24.58:065][  0]LogD3D11RHI:     DedicatedVideoMemory : 4141875200 bytes
[2024.01.04-03.24.58:065][  0]LogD3D11RHI:     DedicatedSystemMemory : 0 bytes
[2024.01.04-03.24.58:065][  0]LogD3D11RHI:     SharedSystemMemory : 4213241856 bytes
[2024.01.04-03.24.58:065][  0]LogD3D11RHI:     AdapterLuid : 0 72306
[2024.01.04-03.24.58:233][  0]LogD3D11RHI: RHI has support for 64 bit atomics
[2024.01.04-03.24.58:233][  0]LogD3D11RHI: Async texture creation enabled
[2024.01.04-03.24.58:234][  0]LogD3D11RHI: Array index from any shader is supported
[2024.01.04-03.24.58:258][  0]LogD3D11RHI: GPU Timing Frequency: 1000.000000 (Debug: 2 1)
[2024.01.04-03.24.58:326][  0]LogRHI: GeForceNow SDK initialized: 1
[2024.01.04-03.24.58:711][  0]LogTargetPlatformManager: Display: Loaded TargetPlatform 'AllDesktop'
[2024.01.04-03.24.58:732][  0]LogTargetPlatformManager: Display: Loaded TargetPlatform 'Android'
[2024.01.04-03.24.58:732][  0]LogTargetPlatformManager: Display: Loaded TargetPlatform 'Android_ASTC'
[2024.01.04-03.24.58:732][  0]LogTargetPlatformManager: Display: Loaded TargetPlatform 'Android_DXT'
[2024.01.04-03.24.58:733][  0]LogTargetPlatformManager: Display: Loaded TargetPlatform 'Android_ETC2'
[2024.01.04-03.24.58:733][  0]LogTargetPlatformManager: Display: Loaded TargetPlatform 'AndroidClient'
[2024.01.04-03.24.58:733][  0]LogTargetPlatformManager: Display: Loaded TargetPlatform 'Android_ASTCClient'
[2024.01.04-03.24.58:733][  0]LogTargetPlatformManager: Display: Loaded TargetPlatform 'Android_DXTClient'
[2024.01.04-03.24.58:733][  0]LogTargetPlatformManager: Display: Loaded TargetPlatform 'Android_ETC2Client'
[2024.01.04-03.24.58:733][  0]LogTargetPlatformManager: Display: Loaded TargetPlatform 'Android_Multi'
[2024.01.04-03.24.58:733][  0]LogTargetPlatformManager: Display: Loaded TargetPlatform 'Android_MultiClient'
[2024.01.04-03.24.58:751][  0]LogTargetPlatformManager: Display: Loaded TargetPlatform 'IOSClient'
[2024.01.04-03.24.58:751][  0]LogTargetPlatformManager: Display: Loaded TargetPlatform 'IOS'
[2024.01.04-03.24.58:760][  0]LogTargetPlatformManager: Display: Loaded TargetPlatform 'Linux'
[2024.01.04-03.24.58:765][  0]LogTargetPlatformManager: Display: Loaded TargetPlatform 'LinuxNoEditor'
[2024.01.04-03.24.58:770][  0]LogTargetPlatformManager: Display: Loaded TargetPlatform 'LinuxClient'
[2024.01.04-03.24.58:775][  0]LogTargetPlatformManager: Display: Loaded TargetPlatform 'LinuxServer'
[2024.01.04-03.24.58:783][  0]LogTargetPlatformManager: Display: Loaded TargetPlatform 'LinuxAArch64NoEditor'
[2024.01.04-03.24.58:788][  0]LogTargetPlatformManager: Display: Loaded TargetPlatform 'LinuxAArch64Client'
[2024.01.04-03.24.58:792][  0]LogTargetPlatformManager: Display: Loaded TargetPlatform 'LinuxAArch64Server'
[2024.01.04-03.24.58:835][  0]LogTargetPlatformManager: Display: Loaded TargetPlatform 'Lumin'
[2024.01.04-03.24.58:835][  0]LogTargetPlatformManager: Display: Loaded TargetPlatform 'LuminClient'
[2024.01.04-03.24.58:844][  0]LogTargetPlatformManager: Display: Loaded TargetPlatform 'MacNoEditor'
[2024.01.04-03.24.58:849][  0]LogTargetPlatformManager: Display: Loaded TargetPlatform 'Mac'
[2024.01.04-03.24.58:857][  0]LogTargetPlatformManager: Display: Loaded TargetPlatform 'MacClient'
[2024.01.04-03.24.58:863][  0]LogTargetPlatformManager: Display: Loaded TargetPlatform 'MacServer'
[2024.01.04-03.24.58:875][  0]LogTargetPlatformManager: Display: Loaded TargetPlatform 'TVOSClient'
[2024.01.04-03.24.58:875][  0]LogTargetPlatformManager: Display: Loaded TargetPlatform 'TVOS'
[2024.01.04-03.24.58:885][  0]LogTargetPlatformManager: Display: Loaded TargetPlatform 'WindowsNoEditor'
[2024.01.04-03.24.58:890][  0]LogTargetPlatformManager: Display: Loaded TargetPlatform 'Windows'
[2024.01.04-03.24.58:895][  0]LogTargetPlatformManager: Display: Loaded TargetPlatform 'WindowsClient'
[2024.01.04-03.24.58:900][  0]LogTargetPlatformManager: Display: Loaded TargetPlatform 'WindowsServer'
[2024.01.04-03.24.58:900][  0]LogTargetPlatformManager: Display: Building Assets For Windows
[2024.01.04-03.24.58:908][  0]LogAudioDebug: Display: Lib vorbis DLL was dynamically loaded.
[2024.01.04-03.24.58:939][  0]LogTextureFormatOodle: Display: Oodle Texture 2.9.0 init RDO Off
[2024.01.04-03.24.58:973][  0]LogRendererCore: Ray tracing is disabled. Reason: r.RayTracing=0.
[2024.01.04-03.24.58:973][  0]LogShaderCompilers: Guid format shader working directory is -11 characters bigger than the processId version (D:/Degree/SEM 5/Workshop 2/Workshop2_2023/Workshop2_2023/Intermediate/Shaders/WorkingDirectory/11960/).
[2024.01.04-03.24.58:973][  0]LogShaderCompilers: Cleaned the shader compiler working directory 'C:/Users/irroc/AppData/Local/Temp/UnrealShaderWorkingDir/7C6FE2D14B08F032996015B5DE0ACF87/'.
[2024.01.04-03.24.58:973][  0]LogXGEController: Cannot use XGE Controller as Incredibuild is not installed on this machine.
[2024.01.04-03.24.58:973][  0]LogShaderCompilers: Cannot use XGE Shader Compiler as Incredibuild is not installed on this machine.
[2024.01.04-03.24.58:973][  0]LogShaderCompilers: Display: Using Local Shader Compiler.
[2024.01.04-03.24.59:685][  0]LogDerivedDataCache: Display: Max Cache Size: 512 MB
[2024.01.04-03.24.59:736][  0]LogDerivedDataCache: Loaded boot cache 0.05s 94MB C:/Users/irroc/AppData/Local/UnrealEngine/4.27/DerivedDataCache/Boot.ddc.
[2024.01.04-03.24.59:736][  0]LogDerivedDataCache: Display: Loaded Boot cache: C:/Users/irroc/AppData/Local/UnrealEngine/4.27/DerivedDataCache/Boot.ddc
[2024.01.04-03.24.59:736][  0]LogDerivedDataCache: FDerivedDataBackendGraph:  Pak pak cache file D:/Degree/SEM 5/Workshop 2/Workshop2_2023/Workshop2_2023/DerivedDataCache/DDC.ddp not found, will not use a pak cache.
[2024.01.04-03.24.59:736][  0]LogDerivedDataCache: Unable to find inner node Pak for hierarchical cache Hierarchy.
[2024.01.04-03.24.59:736][  0]LogDerivedDataCache: FDerivedDataBackendGraph:  CompressedPak pak cache file D:/Degree/SEM 5/Workshop 2/Workshop2_2023/Workshop2_2023/DerivedDataCache/Compressed.ddp not found, will not use a pak cache.
[2024.01.04-03.24.59:736][  0]LogDerivedDataCache: Unable to find inner node CompressedPak for hierarchical cache Hierarchy.
[2024.01.04-03.24.59:751][  0]LogDerivedDataCache: Display: Pak cache opened for reading ../../../Engine/DerivedDataCache/Compressed.ddp.
[2024.01.04-03.24.59:751][  0]LogDerivedDataCache: FDerivedDataBackendGraph:  EnterprisePak pak cache file ../../../Enterprise/DerivedDataCache/Compressed.ddp not found, will not use a pak cache.
[2024.01.04-03.24.59:751][  0]LogDerivedDataCache: Unable to find inner node EnterprisePak for hierarchical cache Hierarchy.
[2024.01.04-03.24.59:757][  0]LogDerivedDataCache: Speed tests for C:/Users/irroc/AppData/Local/UnrealEngine/Common/DerivedDataCache took 0.01 seconds
[2024.01.04-03.24.59:757][  0]LogDerivedDataCache: Display: Performance to C:/Users/irroc/AppData/Local/UnrealEngine/Common/DerivedDataCache: Latency=0.02ms. RandomReadSpeed=1564.08MBs, RandomWriteSpeed=195.01MBs. Assigned SpeedClass 'Local'
[2024.01.04-03.24.59:758][  0]LogDerivedDataCache: Using Local data cache path C:/Users/irroc/AppData/Local/UnrealEngine/Common/DerivedDataCache: Writable
[2024.01.04-03.24.59:758][  0]LogDerivedDataCache: Shared data cache path not found in *engine.ini, will not use an Shared cache.
[2024.01.04-03.24.59:758][  0]LogDerivedDataCache: Unable to find inner node Shared for hierarchical cache Hierarchy.
[2024.01.04-03.24.59:805][  0]LogSlate: Using FreeType 2.10.0
[2024.01.04-03.24.59:806][  0]LogSlate: SlateFontServices - WITH_FREETYPE: 1, WITH_HARFBUZZ: 1
[2024.01.04-03.24.59:830][  0]LogAssetRegistry: FAssetRegistry took 0.0025 seconds to start up
[2024.01.04-03.25.00:045][  0]LogInit: Selected Device Profile: [Windows]
[2024.01.04-03.25.00:045][  0]LogInit: Active device profile: [000001FFDD1D4900][000001FFD2FAF300 49] Windows
[2024.01.04-03.25.00:045][  0]LogInit: Profiles: [000001FFDD1D4900][000001FFD2FAF300 49] Windows, [000001FFDD19B800][000001FFD2FB7480 49] WindowsNoEditor, [000001FFDD1D7500][000001FFD8B39600 49] WindowsServer, [000001FFDD198E00][000001FFD8B3D780 49] WindowsClient, [000001FFDD1D7800][000001FFD8B41900 49] IOS, [000001FFDD19A800][000001FFD8B45A80 49] iPadAir, [000001FFDD1D6000][000001FFD8B49C00 49] iPadAir2, [000001FFDE134A00][000001FFD8B50340 49] IPadPro, [000001FFDE134B00][000001FFD8B4C380 49] iPadAir3, [000001FFDD199900][000001FFD8B54500 49] iPadAir4, [000001FFDE137400][000001FFD8B58680 49] iPadMini2, [000001FFDD19AA00][000001FFD8B5C800 49] iPadMini3, [000001FFDE135700][000001FFD2FB2940 49] iPadMini4, [000001FFDD1D5100][000001FFDE2FEA80 49] iPadMini5, [000001FFDD160300][000001FFDE306CC0 49] iPhone6, [000001FFDD160400][000001FFDE302D00 49] iPodTouch6, [000001FFDE127F00][000001FFDE312FC0 49] iPhone7, [000001FFDE127E00][000001FFDE30F000 49] iPodTouch7, [000001FFDD19A000][000001FFDE317180 49] iPhone5S, [000001FFDE125A00][000001FFDE31B300 49] iPhone6Plus, [000001FFDD160200][000001FFDE31F480 49] iPhone6S, [000001FFDE124600][000001FFDE323600 49] iPhone6SPlus, [000001FFDD162900][000001FFDE327780 49] iPhone7Plus, [000001FFDE127100][000001FFDE32B900 49] iPhoneSE, [000001FFDD162200][000001FFDE32FA80 49] iPhone8, [000001FFDE127B00][000001FFDE333C00 49] iPhone8Plus, [000001FFDD160A00][000001FFDE336200 49] iPhoneX, [000001FFDE125400][000001FFDE33A380 49] iPhoneXS, [000001FFDD163D00][000001FFDE33E500 49] iPhoneXSMax, [000001FFDE124500][000001FFDE342680 49] iPhoneXR, [000001FFDD161300][000001FFDE346800 49] iPhone11, [000001FFDE126700][000001FFDE34A980 49] iPhone11Pro, [000001FFDD161000][000001FFDE34EB00 49] iPhone11ProMax, [000001FFDE126A00][000001FFDE30AC40 49] iPhoneSE2, [000001FFDD161400][000001FFDE352D80 49] iPhone12Mini, [000001FFDE126400][000001FFDE356EC0 49] iPhone12, [000001FFDD160D00][000001FFDE35F040 49] iPhone12Pro, [000001FFDE126B00][000001FFDE3631C0 49] iPhone12ProMax, [000001FFDD163000][000001FFDE367340 49] iPadPro105, [000001FFDE124700][000001FFDE36B4C0 49] iPadPro129, [000001FFDD162800][000001FFDE36F640 49] iPadPro97, [000001FFDE126600][000001FFDE3737C0 49] iPadPro2_129, [000001FFDD163C00][000001FFDE377940 49] iPad5, [000001FFDE126200][000001FFDE37BAC0 49] iPad6, [000001FFDD160F00][000001FFDE37E0C0 49] iPad7, [000001FFDE127C00][000001FFDE382240 49] iPad8, [000001FFDD163400][000001FFDE3863C0 49] iPadPro11, [000001FFDE126F00][000001FFDE38A540 49] iPadPro2_11, [000001FFDD163900][000001FFDE38E6C0 49] iPadPro3_129, [000001FFDE125700][000001FFDE392840 49] iPadPro4_129, [000001FFDD161100][000001FFDE3969C0 49] AppleTV, [000001FFDE126100][000001FFDE39AB40 49] AppleTV4K, [000001FFDD161F00][000001FFDE39ECC0 49] TVOS, [000001FFDE127400][000001FFDE35AE00 49] Mac, [000001FFDD163800][000001FFDE3A2F40 49] MacClient, [000001FFDE125E00][000001FFDE3A7080 49] MacNoEditor, [000001FFDD163F00][000001FFDE3AB1C0 49] MacServer, [000001FFDE125200][000001FFDE3B3340 49] Linux, [000001FFDD160C00][000001FFDE3B74C0 49] LinuxAArch64, [000001FFDE125F00][000001FFDE3BB640 49] LinuxNoEditor, [000001FFDD161B00][000001FFDE3BF7C0 49] LinuxAArch64NoEditor, [000001FFDE127A00][000001FFDE3C3940 49] LinuxClient, [000001FFDD163500][000001FFDE3C7AC0 49] LinuxAArch64Client, [000001FFDE125000][000001FFDE3CA0C0 49] LinuxServer, [000001FFDD162500][000001FFDE3CE240 49] LinuxAArch64Server, [000001FFDE124A00][000001FFDE3D23C0 49] Android, [000001FFDD163300][000001FFDE3D6540 49] Android_Low, [000001FFDE127500][000001FFDE3DA6C0 49] Android_Mid, [000001FFDD160600][000001FFDE3DE840 49] Android_High, [000001FFDE124200][000001FFDE3E29C0 49] Android_Default, [000001FFDD163100][000001FFDE3E6B40 49] Android_Adreno4xx, [000001FFDE125100][000001FFDE3EACC0 49] Android_Adreno5xx_Low, [000001FFDE137600][000001FFDE3EEE40 49] Android_Adreno5xx, [000001FFDD199500][000001FFDE3AEF80 49] Android_Adreno6xx, [000001FFDE134F00][000001FFDE3F30C0 49] Android_Adreno6xx_Vulkan, [000001FFDD19BC00][000001FFDE3F7200 49] Android_Mali_T6xx, [000001FFDE135100][000001FFDE3FB340 49] Android_Mali_T7xx, [000001FFDD199600][000001FFDE4034C0 49] Android_Mali_T8xx, [000001FFDE135E00][000001FFDE407640 49] Android_Mali_G71, [000001FFDD198500][000001FFDE40B7C0 49] Android_Mali_G72, [000001FFDE134800][000001FFDE40F940 49] Android_Mali_G72_Vulkan, [000001FFDD19BA00][000001FFDE413AC0 49] Android_Mali_G76, [000001FFDE134100][000001FFDE4160C0 49] Android_Mali_G76_Vulkan, [000001FFDD199F00][000001FFDE41A240 49] Android_Mali_G77, [000001FFDE135000][000001FFDE41E3C0 49] Android_Mali_G77_Vulkan, [000001FFDD198A00][000001FFDE422540 49] Android_Mali_G78, [000001FFDE136C00][000001FFDE4266C0 49] Android_Mali_G78_Vulkan, [000001FFDD19B600][000001FFDE42A840 49] Android_Mali_G710, [000001FFDE136B00][000001FFDE42E9C0 49] Android_Mali_G710_Vulkan, [000001FFDD19BF00][000001FFDE432B40 49] Android_Vulkan_SM5, [000001FFDE137B00][000001FFDE436CC0 49] Android_PowerVR_G6xxx, [000001FFDD198100][000001FFDE43AE40 49] Android_PowerVR_GT7xxx, [000001FFDE136300][000001FFDE43EFC0 49] Android_PowerVR_GE8xxx, [000001FFDD198C00][000001FFDE443140 49] Android_PowerVR_GM9xxx, [000001FFDE136700][000001FFDE3FF280 49] Android_PowerVR_GM9xxx_Vulkan, [000001FFDD19A700][000001FFDE4473C0 49] Android_TegraK1, [000001FFDE134600][000001FFDE44B500 49] Android_Unknown_Vulkan, [000001FFDD19AD00][000001FFDE453680 49] Lumin, [000001FFDE134500][000001FFDE457800 49] Lumin_Desktop, [000001FFDD19A500][000001FFDE45B980 49] HoloLens, 
[2024.01.04-03.25.00:162][  0]LogMeshReduction: Using QuadricMeshReduction for automatic static mesh reduction
[2024.01.04-03.25.00:162][  0]LogMeshReduction: Using SimplygonMeshReduction for automatic skeletal mesh reduction
[2024.01.04-03.25.00:162][  0]LogMeshReduction: Using ProxyLODMeshReduction for automatic mesh merging
[2024.01.04-03.25.00:162][  0]LogMeshReduction: No distributed automatic mesh merging module available
[2024.01.04-03.25.00:162][  0]LogMeshMerging: No distributed automatic mesh merging module available
[2024.01.04-03.25.00:177][  0]LogNetVersion: Workshop2_2023 1.0.0, NetCL: 17155196, EngineNetVer: 17, GameNetVer: 0 (Checksum: 2919454955)
[2024.01.04-03.25.00:599][  0]LogTexture: Default maximum texture size for cubemaps generated from long-lat sources has been changed from 512 to unlimited. In order to preserve old behaiour for '/Engine/MapTemplates/Sky/DaylightAmbientCubemap.DaylightAmbientCubemap', its maximum texture size has been explicitly set to 512.
[2024.01.04-03.25.00:668][  0]LogHMD: PokeAHoleMaterial loaded successfully
[2024.01.04-03.25.00:675][  0]LogUObjectArray: 17178 objects as part of root set at end of initial load.
[2024.01.04-03.25.00:675][  0]LogUObjectAllocator: 4302048 out of 0 bytes used by permanent object pool.
[2024.01.04-03.25.00:675][  0]LogUObjectArray: CloseDisregardForGC: 0/0 objects in disregard for GC pool
[2024.01.04-03.25.01:114][  0]LogNiagaraDebuggerClient: Niagara Debugger Client Initialized | Session: FB82C2314C8BE4B3BC5E7EA82EC0603F | Instance: 907F2F7D40A918F5A8DDE5A6E4F29934 (DESKTOP-IG28T27-11960).
[2024.01.04-03.25.01:160][  0]LogPython: Using Python 3.7.7
[2024.01.04-03.25.01:969][  0]LogTcpMessaging: Initializing TcpMessaging bridge
[2024.01.04-03.25.01:975][  0]LogUdpMessaging: Initializing bridge on interface 0.0.0.0:0 to multicast group 230.0.0.1:6666.
[2024.01.04-03.25.02:058][  0]LogLinker: Warning: Failed to load '/Game/ThirdPersonBP/ThirdPersonOverview': Can't find file.
[2024.01.04-03.25.02:058][  0]LogLinker: Warning: Failed to load '/Game/ThirdPersonBP/ThirdPersonOverview': Can't find file.
[2024.01.04-03.25.02:058][  0]LogUObjectGlobals: Warning: Failed to find object 'Class /Game/ThirdPersonBP/ThirdPersonOverview.ThirdPersonOverview_C'
[2024.01.04-03.25.02:152][  0]SourceControl: Source control is disabled
[2024.01.04-03.25.02:152][  0]SourceControl: Source control is disabled
[2024.01.04-03.25.02:155][  0]SourceControl: Source control is disabled
[2024.01.04-03.25.02:159][  0]SourceControl: Source control is disabled
[2024.01.04-03.25.02:170][  0]SourceControl: Source control is disabled
[2024.01.04-03.25.02:177][  0]LogUProjectInfo: Found projects:
[2024.01.04-03.25.02:404][  0]LogLinker: Warning: [AssetLog] C:\Program Files\Epic Games\UE_4.27\Engine\Plugins\Experimental\CommonUI\Content\VideoPlayerMaterial.uasset: Failed to load '/Game/UI/Foundation/Movie/DefaultMediaTexture': Can't find file.
[2024.01.04-03.25.02:404][  0]LogLinker: Warning: [AssetLog] C:\Program Files\Epic Games\UE_4.27\Engine\Plugins\Experimental\CommonUI\Content\VideoPlayerMaterial.uasset: Failed to load '/Game/UI/Foundation/Movie/DefaultMediaTexture': Can't find file.
[2024.01.04-03.25.02:404][  0]LogLinker: Warning: [AssetLog] C:\Program Files\Epic Games\UE_4.27\Engine\Plugins\Experimental\CommonUI\Content\VideoPlayerMaterial.uasset: Failed to load '/Game/UI/Foundation/Movie/DefaultMediaTexture': Can't find file.
[2024.01.04-03.25.02:404][  0]LogLinker: Warning: [AssetLog] C:\Program Files\Epic Games\UE_4.27\Engine\Plugins\Experimental\CommonUI\Content\VideoPlayerMaterial.uasset: Failed to load '/Game/UI/Foundation/Movie/DefaultMediaTexture': Can't find file.
[2024.01.04-03.25.02:404][  0]LoadErrors: Failed to load /Game/UI/Foundation/Movie/DefaultMediaTexture.DefaultMediaTexture Referenced by MaterialExpressionTextureSampleParameter2D_0
[2024.01.04-03.25.02:406][  0]LogMaterial: Display: Missing cached shadermap for VideoPlayerMaterial in PCD3D_SM5, Default, SM5 (DDC key hash: D42D0F18841CA2E47A97207EFBD60CDA496AC57A), compiling. 
[2024.01.04-03.25.02:411][  0]LogMaterial: Warning: [AssetLog] C:\Program Files\Epic Games\UE_4.27\Engine\Plugins\Experimental\CommonUI\Content\VideoPlayerMaterial.uasset: Failed to compile Material for platform PCD3D_SM5, Default Material will be used in game.
[2024.01.04-03.25.02:411][  0]LogMaterial: Display: 	(Node TextureSampleParameter2D) Param2D> Found NULL, requires Texture2D
[2024.01.04-03.25.02:476][  0]LogOpenImageDenoise: OIDN starting up
[2024.01.04-03.25.02:542][  0]LogAndroidPermission: UAndroidPermissionCallbackProxy::GetInstance
[2024.01.04-03.25.02:577][  0]LogAudioCaptureCore: Display: No Audio Capture implementations found. Audio input will be silent.
[2024.01.04-03.25.02:577][  0]LogAudioCaptureCore: Display: No Audio Capture implementations found. Audio input will be silent.
[2024.01.04-03.25.02:738][  0]LogCollectionManager: Loaded 0 collections in 0.002128 seconds
[2024.01.04-03.25.02:764][  0]LogFileCache: Scanning file cache for directory 'D:/Degree/SEM 5/Workshop 2/Workshop2_2023/Workshop2_2023/Saved/Collections/' took 0.00s
[2024.01.04-03.25.02:764][  0]LogFileCache: Scanning file cache for directory 'D:/Degree/SEM 5/Workshop 2/Workshop2_2023/Workshop2_2023/Content/Developers/irroc/Collections/' took 0.00s
[2024.01.04-03.25.02:764][  0]LogFileCache: Scanning file cache for directory 'D:/Degree/SEM 5/Workshop 2/Workshop2_2023/Workshop2_2023/Content/Collections/' took 0.00s
[2024.01.04-03.25.02:764][  0]LogOcInput: OculusInput pre-init called
[2024.01.04-03.25.03:075][  0]LogClass: Display: BoolProperty FCommonButtonStyleOptionalSlateSound::bHasSound is not initialized properly. Module:CommonUI File:Public/CommonButtonBase.h
[2024.01.04-03.25.03:076][  0]LogClass: Display: 1 Uninitialized script struct members found including 0 object properties
[2024.01.04-03.25.03:077][  0]LogEngine: Initializing Engine...
[2024.01.04-03.25.03:089][  0]LogHMD: Failed to enumerate extensions. Please check that you have a valid OpenXR runtime installed.
[2024.01.04-03.25.03:089][  0]LogHMD: Failed to initialize OpenVR with code 110
[2024.01.04-03.25.03:089][  0]LogMagicLeap: Warning: VR disabled because ZI is not enabled.  To enable, in the editor, Edit -> Project Settings -> Plugins -> Magic Leap Plugin -> Enable Zero Iteration
[2024.01.04-03.25.03:090][  0]LogStats: UGameplayTagsManager::InitializeManager -  0.000 s
[2024.01.04-03.25.03:218][  0]LogInit: Initializing FReadOnlyCVARCache
[2024.01.04-03.25.03:228][  0]LogAIModule: Creating AISystem for world Untitled
[2024.01.04-03.25.03:262][  0]LogAudio: Display: Initializing Audio Device Manager...
[2024.01.04-03.25.03:268][  0]LogAudio: Display: Loading Default Audio Settings Objects...
[2024.01.04-03.25.03:269][  0]LogAudio: Display: No default SoundConcurrencyObject specified (or failed to load).
[2024.01.04-03.25.03:269][  0]LogAudio: Display: Audio Device Manager Initialized
[2024.01.04-03.25.03:269][  0]LogAudio: Display: Creating Audio Device:                 Id: 1, Scope: Shared, Realtime: True
[2024.01.04-03.25.03:270][  0]LogAudioMixer: Display: Audio Mixer Platform Settings:
[2024.01.04-03.25.03:270][  0]LogAudioMixer: Display: 	Sample Rate:						  48000
[2024.01.04-03.25.03:270][  0]LogAudioMixer: Display: 	Callback Buffer Frame Size Requested: 1024
[2024.01.04-03.25.03:270][  0]LogAudioMixer: Display: 	Callback Buffer Frame Size To Use:	  1024
[2024.01.04-03.25.03:270][  0]LogAudioMixer: Display: 	Number of buffers to queue:			  2
[2024.01.04-03.25.03:270][  0]LogAudioMixer: Display: 	Max Channels (voices):				  32
[2024.01.04-03.25.03:270][  0]LogAudioMixer: Display: 	Number of Async Source Workers:		  0
[2024.01.04-03.25.03:270][  0]LogAudio: Display: AudioDevice MaxSources: 32
[2024.01.04-03.25.03:270][  0]LogAudio: Display: Audio Spatialization Plugin: None (built-in).
[2024.01.04-03.25.03:270][  0]LogAudio: Display: Audio Reverb Plugin: None (built-in).
[2024.01.04-03.25.03:270][  0]LogAudio: Display: Audio Occlusion Plugin: None (built-in).
[2024.01.04-03.25.03:270][  0]LogAudioMixer: Display: Initializing audio mixer.
[2024.01.04-03.25.03:296][  0]LogAudioMixer: Display: 0: FrontLeft
[2024.01.04-03.25.03:296][  0]LogAudioMixer: Display: 1: FrontRight
[2024.01.04-03.25.04:106][  0]LogAudioMixer: Display: Using Audio Device Speakers (Realtek(R) Audio)
[2024.01.04-03.25.04:107][  0]LogAudioMixer: Display: Initializing Sound Submixes...
[2024.01.04-03.25.04:109][  0]LogAudioMixer: Display: Creating Master Submix 'MasterSubmixDefault'
[2024.01.04-03.25.04:109][  0]LogAudioMixer: Display: Creating Master Submix 'MasterReverbSubmixDefault'
[2024.01.04-03.25.04:111][  0]LogAudioMixer: Display: Creating Master Submix 'MasterEQSubmixDefault'
[2024.01.04-03.25.04:111][  0]LogAudioMixer: FMixerPlatformXAudio2::StartAudioStream() called
[2024.01.04-03.25.04:111][  0]LogAudioMixer: Display: Output buffers initialized: Frames=1024, Channels=2, Samples=2048
[2024.01.04-03.25.04:112][  0]LogAudioMixer: Display: Starting AudioMixerPlatformInterface::RunInternal()
[2024.01.04-03.25.04:112][  0]LogAudioMixer: Display: FMixerPlatformXAudio2::SubmitBuffer() called for the first time
[2024.01.04-03.25.04:112][  0]LogInit: FAudioDevice initialized.
[2024.01.04-03.25.04:113][  0]LogAudio: Display: Audio Device (ID: 1) registered with world 'Untitled'.
[2024.01.04-03.25.04:113][  0]LogNetVersion: Set ProjectVersion to 1.0.0.0. Version Checksum will be recalculated on next use.
[2024.01.04-03.25.04:160][  0]LogDerivedDataCache: Saved boot cache 0.05s 94MB C:/Users/irroc/AppData/Local/UnrealEngine/4.27/DerivedDataCache/Boot.ddc.
[2024.01.04-03.25.04:163][  0]LogInit: Texture streaming: Enabled
[2024.01.04-03.25.04:175][  0]LogAnalytics: Display: [UEEditor.Rocket.Release] APIServer = https://datarouter.ol.epicgames.com/. AppVersion = 4.27.2-18319896+++UE4+Release-4.27
[2024.01.04-03.25.04:179][  0]LogEngineSessionManager: EngineSessionManager initialized
[2024.01.04-03.25.04:179][  0]LogEditorSessionSummary: Verbose: Initializing EditorSessionSummaryWriter for editor session tracking
[2024.01.04-03.25.04:181][  0]LogEditorSessionSummary: EditorSessionSummaryWriter initialized
[2024.01.04-03.25.04:191][  0]LogLiveCoding: Display: Starting LiveCoding
[2024.01.04-03.25.04:191][  0]LogLiveCoding: Display: LiveCodingConsole Arguments: UE4Editor Win64 Development
[2024.01.04-03.25.05:345][  0]LogLiveCoding: Display: First instance in process group "UE4_Workshop2_2023_0x74192c15", spawning console
[2024.01.04-03.25.05:345][  0]LogLiveCoding: Display: Waiting for server
[2024.01.04-03.25.05:345][  0]LogLiveCoding: Display: Successfully initialized, removing startup thread
[2024.01.04-03.25.05:366][  0]LogInit: Transaction tracking system initialized
[2024.01.04-03.25.05:398][  0]BlueprintLog: New page: Editor Load
[2024.01.04-03.25.05:488][  0]LocalizationService: Localization service is disabled
[2024.01.04-03.25.05:528][  0]TimingProfiler: Initialize
[2024.01.04-03.25.05:528][  0]TimingProfiler: OnSessionChanged
[2024.01.04-03.25.05:528][  0]LoadingProfiler: Initialize
[2024.01.04-03.25.05:528][  0]LoadingProfiler: OnSessionChanged
[2024.01.04-03.25.05:528][  0]NetworkingProfiler: Initialize
[2024.01.04-03.25.05:528][  0]NetworkingProfiler: OnSessionChanged
[2024.01.04-03.25.05:528][  0]MemoryProfiler: Initialize
[2024.01.04-03.25.05:528][  0]MemoryProfiler: OnSessionChanged
[2024.01.04-03.25.05:615][  0]LogMaterial: Display: Missing cached shadermap for VideoPlayerMaterial in PCD3D_SM5, Default, SM5 (DDC key hash: D42D0F18841CA2E47A97207EFBD60CDA496AC57A), compiling. 
[2024.01.04-03.25.05:615][  0]LogMaterial: Warning: [AssetLog] C:\Program Files\Epic Games\UE_4.27\Engine\Plugins\Experimental\CommonUI\Content\VideoPlayerMaterial.uasset: Failed to compile Material for platform PCD3D_SM5, Default Material will be used in game.
[2024.01.04-03.25.05:615][  0]LogMaterial: Display: 	(Node TextureSampleParameter2D) Param2D> Found NULL, requires Texture2D
[2024.01.04-03.25.06:405][  0]LogCook: Display: CookSettings for Memory: MemoryMaxUsedVirtual 0MiB, MemoryMaxUsedPhysical 16384MiB, MemoryMinFreeVirtual 0MiB, MemoryMinFreePhysical 1024MiB
[2024.01.04-03.25.06:405][  0]LogCook: Display: Mobile HDR setting 1
[2024.01.04-03.25.06:870][  0]LogInit: Display: Engine is initialized. Leaving FEngineLoop::Init()
[2024.01.04-03.25.06:874][  0]SourceControl: Source control is disabled
[2024.01.04-03.25.06:874][  0]LogUnrealEdMisc: Loading editor; pre map load, took 11.530
[2024.01.04-03.25.06:874][  0]Cmd: MAP LOAD FILE="D:/Degree/SEM 5/Workshop 2/Workshop2_2023/Workshop2_2023/Content/CookingSystemComponent/Maps/Showcase.umap" TEMPLATE=0 SHOWPROGRESS=1 FEATURELEVEL=3
[2024.01.04-03.25.06:875][  0]LightingResults: New page: Lighting Build
[2024.01.04-03.25.06:877][  0]LogWorld: UWorld::CleanupWorld for Untitled, bSessionEnded=true, bCleanupResources=true
[2024.01.04-03.25.06:877][  0]LogSlate: InvalidateAllWidgets triggered.  All widgets were invalidated
[2024.01.04-03.25.06:877][  0]MapCheck: New page: Map Check
[2024.01.04-03.25.06:877][  0]LightingResults: New page: Lighting Build
[2024.01.04-03.25.06:883][  0]LogAudio: Display: Audio Device unregistered from world 'None'.
[2024.01.04-03.25.06:888][  0]LogUObjectHash: Compacting FUObjectHashTables data took   1.02ms
[2024.01.04-03.25.09:842][  0]LogFileCache: Scanning file cache for directory 'D:/Degree/SEM 5/Workshop 2/Workshop2_2023/Workshop2_2023/Content/' took 3.26s
[2024.01.04-03.25.14:745][  0]LogAudio: Display: Audio Device (ID: 1) registered with world 'Showcase'.
[2024.01.04-03.25.14:746][  0]LogAIModule: Creating AISystem for world Showcase
[2024.01.04-03.25.14:833][  0]LogEditorServer: Finished looking for orphan Actors (0.000 secs)
[2024.01.04-03.25.14:854][  0]LogUObjectHash: Compacting FUObjectHashTables data took   1.13ms
[2024.01.04-03.25.14:854][  0]Cmd: MAP CHECKDEP NOCLEARLOG
[2024.01.04-03.25.14:854][  0]MapCheck: Map check complete: 0 Error(s), 0 Warning(s), took 0.096ms to complete.
[2024.01.04-03.25.14:855][  0]LogFileHelpers: Loading map 'Showcase' took 7.980
[2024.01.04-03.25.14:858][  0]LogUnrealEdMisc: Total Editor Startup Time, took 19.515
[2024.01.04-03.25.15:081][  0]LogSlate: Updating window title bar state: overlay mode, drag disabled, window buttons hidden, title bar hidden
[2024.01.04-03.25.15:092][  0]LogSlate: Updating window title bar state: overlay mode, drag disabled, window buttons hidden, title bar hidden
[2024.01.04-03.25.15:098][  0]LogSlate: Updating window title bar state: overlay mode, drag disabled, window buttons hidden, title bar hidden
[2024.01.04-03.25.15:105][  0]LogSlate: Updating window title bar state: overlay mode, drag disabled, window buttons hidden, title bar hidden
[2024.01.04-03.25.15:428][  0]LogNativeClassHierarchy: Verbose: Native class hierarchy populated in 0.0106 seconds. Added 3878 classes and 936 folders.
[2024.01.04-03.25.15:445][  0]LogNativeClassHierarchy: Verbose: Native class hierarchy updated for 'WidgetCarousel' in 0.0003 seconds. Added 0 classes and 0 folders.
[2024.01.04-03.25.15:455][  0]LogPakFile: PakFile PrimaryIndexSize=187
[2024.01.04-03.25.15:455][  0]LogPakFile: PakFile PathHashIndexSize=101
[2024.01.04-03.25.15:455][  0]LogPakFile: PakFile FullDirectoryIndexSize=148
[2024.01.04-03.25.15:456][  0]LogShaderLibrary: Display: ShaderCodeLibraryPakFileMountedCallback: PakFile 'C:/Program Files/Epic Games/UE_4.27/FeaturePacks/FP_FirstPerson.upack' (chunk index -1, root 'root:/') mounted
[2024.01.04-03.25.15:456][  0]LogShaderLibrary: Display: ShaderCodeLibraryPakFileMountedCallback: pending pak file info (ChunkID:-1 Root:root:/ File:C:/Program Files/Epic Games/UE_4.27/FeaturePacks/FP_FirstPerson.upack)
[2024.01.04-03.25.15:456][  0]LogPakFile: OnPakFileMounted2Time == 0.001157
[2024.01.04-03.25.15:461][  0]LogPakFile: PakFile PrimaryIndexSize=189
[2024.01.04-03.25.15:461][  0]LogPakFile: PakFile PathHashIndexSize=101
[2024.01.04-03.25.15:461][  0]LogPakFile: PakFile FullDirectoryIndexSize=152
[2024.01.04-03.25.15:461][  0]LogShaderLibrary: Display: ShaderCodeLibraryPakFileMountedCallback: PakFile 'C:/Program Files/Epic Games/UE_4.27/FeaturePacks/FP_FirstPersonBP.upack' (chunk index -1, root 'root:/') mounted
[2024.01.04-03.25.15:461][  0]LogShaderLibrary: Display: ShaderCodeLibraryPakFileMountedCallback: pending pak file info (ChunkID:-1 Root:root:/ File:C:/Program Files/Epic Games/UE_4.27/FeaturePacks/FP_FirstPersonBP.upack)
[2024.01.04-03.25.15:461][  0]LogPakFile: OnPakFileMounted2Time == 0.000043
[2024.01.04-03.25.15:463][  0]LogPakFile: PakFile PrimaryIndexSize=191
[2024.01.04-03.25.15:463][  0]LogPakFile: PakFile PathHashIndexSize=101
[2024.01.04-03.25.15:463][  0]LogPakFile: PakFile FullDirectoryIndexSize=160
[2024.01.04-03.25.15:463][  0]LogShaderLibrary: Display: ShaderCodeLibraryPakFileMountedCallback: PakFile 'C:/Program Files/Epic Games/UE_4.27/FeaturePacks/MobileStarterContent.upack' (chunk index -1, root 'root:/') mounted
[2024.01.04-03.25.15:463][  0]LogShaderLibrary: Display: ShaderCodeLibraryPakFileMountedCallback: pending pak file info (ChunkID:-1 Root:root:/ File:C:/Program Files/Epic Games/UE_4.27/FeaturePacks/MobileStarterContent.upack)
[2024.01.04-03.25.15:463][  0]LogPakFile: OnPakFileMounted2Time == 0.000040
[2024.01.04-03.25.15:465][  0]LogPakFile: PakFile PrimaryIndexSize=185
[2024.01.04-03.25.15:465][  0]LogPakFile: PakFile PathHashIndexSize=101
[2024.01.04-03.25.15:465][  0]LogPakFile: PakFile FullDirectoryIndexSize=148
[2024.01.04-03.25.15:465][  0]LogShaderLibrary: Display: ShaderCodeLibraryPakFileMountedCallback: PakFile 'C:/Program Files/Epic Games/UE_4.27/FeaturePacks/StarterContent.upack' (chunk index -1, root 'root:/') mounted
[2024.01.04-03.25.15:465][  0]LogShaderLibrary: Display: ShaderCodeLibraryPakFileMountedCallback: pending pak file info (ChunkID:-1 Root:root:/ File:C:/Program Files/Epic Games/UE_4.27/FeaturePacks/StarterContent.upack)
[2024.01.04-03.25.15:465][  0]LogPakFile: OnPakFileMounted2Time == 0.000041
[2024.01.04-03.25.15:466][  0]LogPakFile: PakFile PrimaryIndexSize=190
[2024.01.04-03.25.15:466][  0]LogPakFile: PakFile PathHashIndexSize=101
[2024.01.04-03.25.15:466][  0]LogPakFile: PakFile FullDirectoryIndexSize=154
[2024.01.04-03.25.15:466][  0]LogShaderLibrary: Display: ShaderCodeLibraryPakFileMountedCallback: PakFile 'C:/Program Files/Epic Games/UE_4.27/FeaturePacks/TP_2DSideScroller.upack' (chunk index -1, root 'root:/') mounted
[2024.01.04-03.25.15:466][  0]LogShaderLibrary: Display: ShaderCodeLibraryPakFileMountedCallback: pending pak file info (ChunkID:-1 Root:root:/ File:C:/Program Files/Epic Games/UE_4.27/FeaturePacks/TP_2DSideScroller.upack)
[2024.01.04-03.25.15:466][  0]LogPakFile: OnPakFileMounted2Time == 0.000036
[2024.01.04-03.25.15:469][  0]LogPakFile: PakFile PrimaryIndexSize=192
[2024.01.04-03.25.15:469][  0]LogPakFile: PakFile PathHashIndexSize=101
[2024.01.04-03.25.15:469][  0]LogPakFile: PakFile FullDirectoryIndexSize=158
[2024.01.04-03.25.15:469][  0]LogShaderLibrary: Display: ShaderCodeLibraryPakFileMountedCallback: PakFile 'C:/Program Files/Epic Games/UE_4.27/FeaturePacks/TP_2DSideScrollerBP.upack' (chunk index -1, root 'root:/') mounted
[2024.01.04-03.25.15:469][  0]LogShaderLibrary: Display: ShaderCodeLibraryPakFileMountedCallback: pending pak file info (ChunkID:-1 Root:root:/ File:C:/Program Files/Epic Games/UE_4.27/FeaturePacks/TP_2DSideScrollerBP.upack)
[2024.01.04-03.25.15:469][  0]LogPakFile: OnPakFileMounted2Time == 0.000035
[2024.01.04-03.25.15:471][  0]LogPakFile: PakFile PrimaryIndexSize=182
[2024.01.04-03.25.15:471][  0]LogPakFile: PakFile PathHashIndexSize=101
[2024.01.04-03.25.15:471][  0]LogPakFile: PakFile FullDirectoryIndexSize=138
[2024.01.04-03.25.15:471][  0]LogShaderLibrary: Display: ShaderCodeLibraryPakFileMountedCallback: PakFile 'C:/Program Files/Epic Games/UE_4.27/FeaturePacks/TP_Flying.upack' (chunk index -1, root 'root:/') mounted
[2024.01.04-03.25.15:471][  0]LogShaderLibrary: Display: ShaderCodeLibraryPakFileMountedCallback: pending pak file info (ChunkID:-1 Root:root:/ File:C:/Program Files/Epic Games/UE_4.27/FeaturePacks/TP_Flying.upack)
[2024.01.04-03.25.15:471][  0]LogPakFile: OnPakFileMounted2Time == 0.000035
[2024.01.04-03.25.15:472][  0]LogPakFile: PakFile PrimaryIndexSize=184
[2024.01.04-03.25.15:472][  0]LogPakFile: PakFile PathHashIndexSize=101
[2024.01.04-03.25.15:472][  0]LogPakFile: PakFile FullDirectoryIndexSize=142
[2024.01.04-03.25.15:472][  0]LogShaderLibrary: Display: ShaderCodeLibraryPakFileMountedCallback: PakFile 'C:/Program Files/Epic Games/UE_4.27/FeaturePacks/TP_FlyingBP.upack' (chunk index -1, root 'root:/') mounted
[2024.01.04-03.25.15:472][  0]LogShaderLibrary: Display: ShaderCodeLibraryPakFileMountedCallback: pending pak file info (ChunkID:-1 Root:root:/ File:C:/Program Files/Epic Games/UE_4.27/FeaturePacks/TP_FlyingBP.upack)
[2024.01.04-03.25.15:473][  0]LogPakFile: OnPakFileMounted2Time == 0.000043
[2024.01.04-03.25.15:475][  0]LogPakFile: PakFile PrimaryIndexSize=188
[2024.01.04-03.25.15:475][  0]LogPakFile: PakFile PathHashIndexSize=101
[2024.01.04-03.25.15:475][  0]LogPakFile: PakFile FullDirectoryIndexSize=150
[2024.01.04-03.25.15:475][  0]LogShaderLibrary: Display: ShaderCodeLibraryPakFileMountedCallback: PakFile 'C:/Program Files/Epic Games/UE_4.27/FeaturePacks/TP_HandheldARBP.upack' (chunk index -1, root 'root:/') mounted
[2024.01.04-03.25.15:475][  0]LogShaderLibrary: Display: ShaderCodeLibraryPakFileMountedCallback: pending pak file info (ChunkID:-1 Root:root:/ File:C:/Program Files/Epic Games/UE_4.27/FeaturePacks/TP_HandheldARBP.upack)
[2024.01.04-03.25.15:475][  0]LogPakFile: OnPakFileMounted2Time == 0.000038
[2024.01.04-03.25.15:477][  0]LogPakFile: PakFile PrimaryIndexSize=182
[2024.01.04-03.25.15:477][  0]LogPakFile: PakFile PathHashIndexSize=101
[2024.01.04-03.25.15:477][  0]LogPakFile: PakFile FullDirectoryIndexSize=138
[2024.01.04-03.25.15:477][  0]LogShaderLibrary: Display: ShaderCodeLibraryPakFileMountedCallback: PakFile 'C:/Program Files/Epic Games/UE_4.27/FeaturePacks/TP_Puzzle.upack' (chunk index -1, root 'root:/') mounted
[2024.01.04-03.25.15:477][  0]LogShaderLibrary: Display: ShaderCodeLibraryPakFileMountedCallback: pending pak file info (ChunkID:-1 Root:root:/ File:C:/Program Files/Epic Games/UE_4.27/FeaturePacks/TP_Puzzle.upack)
[2024.01.04-03.25.15:477][  0]LogPakFile: OnPakFileMounted2Time == 0.000044
[2024.01.04-03.25.15:479][  0]LogPakFile: PakFile PrimaryIndexSize=184
[2024.01.04-03.25.15:479][  0]LogPakFile: PakFile PathHashIndexSize=101
[2024.01.04-03.25.15:479][  0]LogPakFile: PakFile FullDirectoryIndexSize=142
[2024.01.04-03.25.15:479][  0]LogShaderLibrary: Display: ShaderCodeLibraryPakFileMountedCallback: PakFile 'C:/Program Files/Epic Games/UE_4.27/FeaturePacks/TP_PuzzleBP.upack' (chunk index -1, root 'root:/') mounted
[2024.01.04-03.25.15:480][  0]LogShaderLibrary: Display: ShaderCodeLibraryPakFileMountedCallback: pending pak file info (ChunkID:-1 Root:root:/ File:C:/Program Files/Epic Games/UE_4.27/FeaturePacks/TP_PuzzleBP.upack)
[2024.01.04-03.25.15:480][  0]LogPakFile: OnPakFileMounted2Time == 0.000050
[2024.01.04-03.25.15:481][  0]LogPakFile: PakFile PrimaryIndexSize=183
[2024.01.04-03.25.15:481][  0]LogPakFile: PakFile PathHashIndexSize=101
[2024.01.04-03.25.15:481][  0]LogPakFile: PakFile FullDirectoryIndexSize=140
[2024.01.04-03.25.15:481][  0]LogShaderLibrary: Display: ShaderCodeLibraryPakFileMountedCallback: PakFile 'C:/Program Files/Epic Games/UE_4.27/FeaturePacks/TP_Rolling.upack' (chunk index -1, root 'root:/') mounted
[2024.01.04-03.25.15:481][  0]LogShaderLibrary: Display: ShaderCodeLibraryPakFileMountedCallback: pending pak file info (ChunkID:-1 Root:root:/ File:C:/Program Files/Epic Games/UE_4.27/FeaturePacks/TP_Rolling.upack)
[2024.01.04-03.25.15:481][  0]LogPakFile: OnPakFileMounted2Time == 0.000035
[2024.01.04-03.25.15:483][  0]LogPakFile: PakFile PrimaryIndexSize=185
[2024.01.04-03.25.15:483][  0]LogPakFile: PakFile PathHashIndexSize=101
[2024.01.04-03.25.15:483][  0]LogPakFile: PakFile FullDirectoryIndexSize=144
[2024.01.04-03.25.15:483][  0]LogShaderLibrary: Display: ShaderCodeLibraryPakFileMountedCallback: PakFile 'C:/Program Files/Epic Games/UE_4.27/FeaturePacks/TP_RollingBP.upack' (chunk index -1, root 'root:/') mounted
[2024.01.04-03.25.15:483][  0]LogShaderLibrary: Display: ShaderCodeLibraryPakFileMountedCallback: pending pak file info (ChunkID:-1 Root:root:/ File:C:/Program Files/Epic Games/UE_4.27/FeaturePacks/TP_RollingBP.upack)
[2024.01.04-03.25.15:483][  0]LogPakFile: OnPakFileMounted2Time == 0.000034
[2024.01.04-03.25.15:486][  0]LogPakFile: PakFile PrimaryIndexSize=188
[2024.01.04-03.25.15:486][  0]LogPakFile: PakFile PathHashIndexSize=101
[2024.01.04-03.25.15:486][  0]LogPakFile: PakFile FullDirectoryIndexSize=150
[2024.01.04-03.25.15:486][  0]LogShaderLibrary: Display: ShaderCodeLibraryPakFileMountedCallback: PakFile 'C:/Program Files/Epic Games/UE_4.27/FeaturePacks/TP_SideScroller.upack' (chunk index -1, root 'root:/') mounted
[2024.01.04-03.25.15:486][  0]LogShaderLibrary: Display: ShaderCodeLibraryPakFileMountedCallback: pending pak file info (ChunkID:-1 Root:root:/ File:C:/Program Files/Epic Games/UE_4.27/FeaturePacks/TP_SideScroller.upack)
[2024.01.04-03.25.15:486][  0]LogPakFile: OnPakFileMounted2Time == 0.000035
[2024.01.04-03.25.15:487][  0]LogPakFile: PakFile PrimaryIndexSize=190
[2024.01.04-03.25.15:487][  0]LogPakFile: PakFile PathHashIndexSize=101
[2024.01.04-03.25.15:487][  0]LogPakFile: PakFile FullDirectoryIndexSize=154
[2024.01.04-03.25.15:487][  0]LogShaderLibrary: Display: ShaderCodeLibraryPakFileMountedCallback: PakFile 'C:/Program Files/Epic Games/UE_4.27/FeaturePacks/TP_SideScrollerBP.upack' (chunk index -1, root 'root:/') mounted
[2024.01.04-03.25.15:487][  0]LogShaderLibrary: Display: ShaderCodeLibraryPakFileMountedCallback: pending pak file info (ChunkID:-1 Root:root:/ File:C:/Program Files/Epic Games/UE_4.27/FeaturePacks/TP_SideScrollerBP.upack)
[2024.01.04-03.25.15:487][  0]LogPakFile: OnPakFileMounted2Time == 0.000036
[2024.01.04-03.25.15:489][  0]LogPakFile: PakFile PrimaryIndexSize=187
[2024.01.04-03.25.15:489][  0]LogPakFile: PakFile PathHashIndexSize=101
[2024.01.04-03.25.15:489][  0]LogPakFile: PakFile FullDirectoryIndexSize=148
[2024.01.04-03.25.15:489][  0]LogShaderLibrary: Display: ShaderCodeLibraryPakFileMountedCallback: PakFile 'C:/Program Files/Epic Games/UE_4.27/FeaturePacks/TP_ThirdPerson.upack' (chunk index -1, root 'root:/') mounted
[2024.01.04-03.25.15:489][  0]LogShaderLibrary: Display: ShaderCodeLibraryPakFileMountedCallback: pending pak file info (ChunkID:-1 Root:root:/ File:C:/Program Files/Epic Games/UE_4.27/FeaturePacks/TP_ThirdPerson.upack)
[2024.01.04-03.25.15:489][  0]LogPakFile: OnPakFileMounted2Time == 0.000035
[2024.01.04-03.25.15:490][  0]LogPakFile: PakFile PrimaryIndexSize=189
[2024.01.04-03.25.15:490][  0]LogPakFile: PakFile PathHashIndexSize=101
[2024.01.04-03.25.15:490][  0]LogPakFile: PakFile FullDirectoryIndexSize=152
[2024.01.04-03.25.15:490][  0]LogShaderLibrary: Display: ShaderCodeLibraryPakFileMountedCallback: PakFile 'C:/Program Files/Epic Games/UE_4.27/FeaturePacks/TP_ThirdPersonBP.upack' (chunk index -1, root 'root:/') mounted
[2024.01.04-03.25.15:490][  0]LogShaderLibrary: Display: ShaderCodeLibraryPakFileMountedCallback: pending pak file info (ChunkID:-1 Root:root:/ File:C:/Program Files/Epic Games/UE_4.27/FeaturePacks/TP_ThirdPersonBP.upack)
[2024.01.04-03.25.15:490][  0]LogPakFile: OnPakFileMounted2Time == 0.000039
[2024.01.04-03.25.15:492][  0]LogPakFile: PakFile PrimaryIndexSize=183
[2024.01.04-03.25.15:492][  0]LogPakFile: PakFile PathHashIndexSize=101
[2024.01.04-03.25.15:492][  0]LogPakFile: PakFile FullDirectoryIndexSize=140
[2024.01.04-03.25.15:492][  0]LogShaderLibrary: Display: ShaderCodeLibraryPakFileMountedCallback: PakFile 'C:/Program Files/Epic Games/UE_4.27/FeaturePacks/TP_TopDown.upack' (chunk index -1, root 'root:/') mounted
[2024.01.04-03.25.15:492][  0]LogShaderLibrary: Display: ShaderCodeLibraryPakFileMountedCallback: pending pak file info (ChunkID:-1 Root:root:/ File:C:/Program Files/Epic Games/UE_4.27/FeaturePacks/TP_TopDown.upack)
[2024.01.04-03.25.15:492][  0]LogPakFile: OnPakFileMounted2Time == 0.000044
[2024.01.04-03.25.15:493][  0]LogPakFile: PakFile PrimaryIndexSize=185
[2024.01.04-03.25.15:493][  0]LogPakFile: PakFile PathHashIndexSize=101
[2024.01.04-03.25.15:493][  0]LogPakFile: PakFile FullDirectoryIndexSize=144
[2024.01.04-03.25.15:493][  0]LogShaderLibrary: Display: ShaderCodeLibraryPakFileMountedCallback: PakFile 'C:/Program Files/Epic Games/UE_4.27/FeaturePacks/TP_TopDownBP.upack' (chunk index -1, root 'root:/') mounted
[2024.01.04-03.25.15:493][  0]LogShaderLibrary: Display: ShaderCodeLibraryPakFileMountedCallback: pending pak file info (ChunkID:-1 Root:root:/ File:C:/Program Files/Epic Games/UE_4.27/FeaturePacks/TP_TopDownBP.upack)
[2024.01.04-03.25.15:493][  0]LogPakFile: OnPakFileMounted2Time == 0.000036
[2024.01.04-03.25.15:496][  0]LogPakFile: PakFile PrimaryIndexSize=185
[2024.01.04-03.25.15:496][  0]LogPakFile: PakFile PathHashIndexSize=101
[2024.01.04-03.25.15:496][  0]LogPakFile: PakFile FullDirectoryIndexSize=144
[2024.01.04-03.25.15:496][  0]LogShaderLibrary: Display: ShaderCodeLibraryPakFileMountedCallback: PakFile 'C:/Program Files/Epic Games/UE_4.27/FeaturePacks/TP_TwinStick.upack' (chunk index -1, root 'root:/') mounted
[2024.01.04-03.25.15:496][  0]LogShaderLibrary: Display: ShaderCodeLibraryPakFileMountedCallback: pending pak file info (ChunkID:-1 Root:root:/ File:C:/Program Files/Epic Games/UE_4.27/FeaturePacks/TP_TwinStick.upack)
[2024.01.04-03.25.15:496][  0]LogPakFile: OnPakFileMounted2Time == 0.000035
[2024.01.04-03.25.15:498][  0]LogPakFile: PakFile PrimaryIndexSize=187
[2024.01.04-03.25.15:498][  0]LogPakFile: PakFile PathHashIndexSize=101
[2024.01.04-03.25.15:498][  0]LogPakFile: PakFile FullDirectoryIndexSize=148
[2024.01.04-03.25.15:498][  0]LogShaderLibrary: Display: ShaderCodeLibraryPakFileMountedCallback: PakFile 'C:/Program Files/Epic Games/UE_4.27/FeaturePacks/TP_TwinStickBP.upack' (chunk index -1, root 'root:/') mounted
[2024.01.04-03.25.15:498][  0]LogShaderLibrary: Display: ShaderCodeLibraryPakFileMountedCallback: pending pak file info (ChunkID:-1 Root:root:/ File:C:/Program Files/Epic Games/UE_4.27/FeaturePacks/TP_TwinStickBP.upack)
[2024.01.04-03.25.15:498][  0]LogPakFile: OnPakFileMounted2Time == 0.000043
[2024.01.04-03.25.15:500][  0]LogPakFile: PakFile PrimaryIndexSize=183
[2024.01.04-03.25.15:500][  0]LogPakFile: PakFile PathHashIndexSize=101
[2024.01.04-03.25.15:500][  0]LogPakFile: PakFile FullDirectoryIndexSize=140
[2024.01.04-03.25.15:500][  0]LogShaderLibrary: Display: ShaderCodeLibraryPakFileMountedCallback: PakFile 'C:/Program Files/Epic Games/UE_4.27/FeaturePacks/TP_Vehicle.upack' (chunk index -1, root 'root:/') mounted
[2024.01.04-03.25.15:500][  0]LogShaderLibrary: Display: ShaderCodeLibraryPakFileMountedCallback: pending pak file info (ChunkID:-1 Root:root:/ File:C:/Program Files/Epic Games/UE_4.27/FeaturePacks/TP_Vehicle.upack)
[2024.01.04-03.25.15:500][  0]LogPakFile: OnPakFileMounted2Time == 0.000037
[2024.01.04-03.25.15:502][  0]LogPakFile: PakFile PrimaryIndexSize=186
[2024.01.04-03.25.15:502][  0]LogPakFile: PakFile PathHashIndexSize=101
[2024.01.04-03.25.15:502][  0]LogPakFile: PakFile FullDirectoryIndexSize=146
[2024.01.04-03.25.15:502][  0]LogShaderLibrary: Display: ShaderCodeLibraryPakFileMountedCallback: PakFile 'C:/Program Files/Epic Games/UE_4.27/FeaturePacks/TP_VehicleAdv.upack' (chunk index -1, root 'root:/') mounted
[2024.01.04-03.25.15:503][  0]LogShaderLibrary: Display: ShaderCodeLibraryPakFileMountedCallback: pending pak file info (ChunkID:-1 Root:root:/ File:C:/Program Files/Epic Games/UE_4.27/FeaturePacks/TP_VehicleAdv.upack)
[2024.01.04-03.25.15:503][  0]LogPakFile: OnPakFileMounted2Time == 0.000040
[2024.01.04-03.25.15:504][  0]LogPakFile: PakFile PrimaryIndexSize=188
[2024.01.04-03.25.15:504][  0]LogPakFile: PakFile PathHashIndexSize=101
[2024.01.04-03.25.15:504][  0]LogPakFile: PakFile FullDirectoryIndexSize=150
[2024.01.04-03.25.15:504][  0]LogShaderLibrary: Display: ShaderCodeLibraryPakFileMountedCallback: PakFile 'C:/Program Files/Epic Games/UE_4.27/FeaturePacks/TP_VehicleAdvBP.upack' (chunk index -1, root 'root:/') mounted
[2024.01.04-03.25.15:504][  0]LogShaderLibrary: Display: ShaderCodeLibraryPakFileMountedCallback: pending pak file info (ChunkID:-1 Root:root:/ File:C:/Program Files/Epic Games/UE_4.27/FeaturePacks/TP_VehicleAdvBP.upack)
[2024.01.04-03.25.15:504][  0]LogPakFile: OnPakFileMounted2Time == 0.000046
[2024.01.04-03.25.15:506][  0]LogPakFile: PakFile PrimaryIndexSize=185
[2024.01.04-03.25.15:506][  0]LogPakFile: PakFile PathHashIndexSize=101
[2024.01.04-03.25.15:506][  0]LogPakFile: PakFile FullDirectoryIndexSize=144
[2024.01.04-03.25.15:506][  0]LogShaderLibrary: Display: ShaderCodeLibraryPakFileMountedCallback: PakFile 'C:/Program Files/Epic Games/UE_4.27/FeaturePacks/TP_VehicleBP.upack' (chunk index -1, root 'root:/') mounted
[2024.01.04-03.25.15:506][  0]LogShaderLibrary: Display: ShaderCodeLibraryPakFileMountedCallback: pending pak file info (ChunkID:-1 Root:root:/ File:C:/Program Files/Epic Games/UE_4.27/FeaturePacks/TP_VehicleBP.upack)
[2024.01.04-03.25.15:506][  0]LogPakFile: OnPakFileMounted2Time == 0.000040
[2024.01.04-03.25.15:508][  0]LogPakFile: PakFile PrimaryIndexSize=192
[2024.01.04-03.25.15:508][  0]LogPakFile: PakFile PathHashIndexSize=101
[2024.01.04-03.25.15:508][  0]LogPakFile: PakFile FullDirectoryIndexSize=158
[2024.01.04-03.25.15:508][  0]LogShaderLibrary: Display: ShaderCodeLibraryPakFileMountedCallback: PakFile 'C:/Program Files/Epic Games/UE_4.27/FeaturePacks/TP_VirtualRealityBP.upack' (chunk index -1, root 'root:/') mounted
[2024.01.04-03.25.15:508][  0]LogShaderLibrary: Display: ShaderCodeLibraryPakFileMountedCallback: pending pak file info (ChunkID:-1 Root:root:/ File:C:/Program Files/Epic Games/UE_4.27/FeaturePacks/TP_VirtualRealityBP.upack)
[2024.01.04-03.25.15:508][  0]LogPakFile: OnPakFileMounted2Time == 0.000040
[2024.01.04-03.25.15:699][  0]LogNativeClassHierarchy: Verbose: Native class hierarchy updated for 'AddContentDialog' in 0.0002 seconds. Added 0 classes and 0 folders.
[2024.01.04-03.25.16:190][  0]LogSlate: Only BGRA pngs, bmps or icos are supported in by External Image Picker
[2024.01.04-03.25.16:306][  0]LogSlate: Took 0.000168 seconds to synchronously load lazily loaded font '../../../Engine/Content/Slate/Fonts/Roboto-Regular.ttf' (155K)
[2024.01.04-03.25.16:310][  0]LogSlate: Took 0.000530 seconds to synchronously load lazily loaded font '../../../Engine/Content/Editor/Slate/Fonts/FontAwesome.ttf' (139K)
[2024.01.04-03.25.16:318][  0]LogSlate: Took 0.000164 seconds to synchronously load lazily loaded font '../../../Engine/Content/Slate/Fonts/Roboto-Bold.ttf' (160K)
[2024.01.04-03.25.16:421][  0]LogRenderer: Reallocating scene render targets to support 1160x404 Format 9 NumSamples 1 (Frame:1).
[2024.01.04-03.25.16:645][  0]LogNativeClassHierarchy: Verbose: Native class hierarchy updated for 'HierarchicalLODOutliner' in 0.0003 seconds. Added 0 classes and 0 folders.
[2024.01.04-03.25.16:645][  0]LogLoad: (Engine Initialization) Total time: 21.30 seconds
[2024.01.04-03.25.16:645][  0]LogLoad: (Engine Initialization) Total Blueprint compile time: 0.00 seconds
[2024.01.04-03.25.16:837][  0]LogAssetRegistry: Asset discovery search completed in 17.0083 seconds
[2024.01.04-03.25.16:843][  0]LogCollectionManager: Fixed up redirectors for 0 collections in 0.000004 seconds (updated 0 objects)
[2024.01.04-03.25.16:850][  0]LogContentStreaming: Texture pool size now 600 MB
[2024.01.04-03.25.16:932][  0]LogSlate: Took 0.000117 seconds to synchronously load lazily loaded font '../../../Engine/Content/Slate/Fonts/DroidSansMono.ttf' (77K)
[2024.01.04-03.25.16:944][  1]LogFileCache: Retrieving MD5 hashes for directory 'D:/Degree/SEM 5/Workshop 2/Workshop2_2023/Workshop2_2023/Content/' took 0.16s
[2024.01.04-03.25.17:091][  2]LogSlate: Took 0.000770 seconds to synchronously load lazily loaded font '../../../Engine/Content/Slate/Fonts/Roboto-Light.ttf' (167K)
[2024.01.04-03.25.18:978][164]LogSlate: Window 'Message Log' being destroyed
[2024.01.04-03.25.18:983][164]LogSlate: Window 'Message Log' being destroyed
[2024.01.04-03.25.27:425][159]LogD3D11RHI: Error: Result failed 
 at D:/Build/++UE4/Sync/Engine/Source/Runtime/Windows/D3D11RHI/Private/D3D11Query.cpp:360 
 with error DXGI_ERROR_DEVICE_REMOVED DXGI_ERROR_DEVICE_HUNG
[2024.01.04-03.25.27:425][159]LogD3D11RHI: [Aftermath] GDynamicRHI=000001FFC30E89C0, GDX11NVAfterMathEnabled=0, Result=0xFFFFFFFF, bDeviceActive=0
[2024.01.04-03.25.27:425][159]LogWindows: Windows GetLastError: The operation completed successfully. (0)
[2024.01.04-03.25.30:693][160]LogWindows: FPlatformMisc::RequestExit(0)
[2024.01.04-03.25.30:693][160]LogWindows: FPlatformMisc::RequestExitWithStatus(0, 0)
[2024.01.04-03.25.30:693][160]LogCore: Engine exit requested (reason: Win RequestExit)
[2024.01.04-03.25.30:693][160]LogWindows: FPlatformMisc::RequestExit(1)
[2024.01.04-03.25.30:693][160]LogWindows: FPlatformMisc::RequestExitWithStatus(1, 3)
[2024.01.04-03.25.30:693][160]LogCore: Engine exit requested (reason: Win RequestExit; note: exit was already requested)
[2024.01.04-03.25.30:745][160]Log file closed, 01/04/24 11:25:30
